Using pre-set license
Built from '2021.3/staging' branch; Version is '2021.3.7f1 (24e8595d6d43) revision 2418777'; Using compiler version '192829333'; Build Type 'Release'
OS: 'Windows 10  (10.0.19044) 64bit Professional' Language: 'ko' Physical Memory: 15721 MB
BatchMode: 1, IsHumanControllingUs: 0, StartBugReporterOnCrash: 0, Is64bit: 1, IsPro: 1

COMMAND LINE ARGUMENTS:
C:\Program Files\Unity\Hub\Editor\2021.3.7f1\Editor\Unity.exe
-adb2
-batchMode
-noUpm
-name
AssetImportWorker2
-projectPath
C:/Users/User/Desktop/BattleInDungeon
-logFile
Logs/AssetImportWorker2.log
-srvPort
59857
Successfully changed project path to: C:/Users/User/Desktop/BattleInDungeon
C:/Users/User/Desktop/BattleInDungeon
[UnityMemory] Configuration Parameters - Can be set up in boot.config
    "memorysetup-bucket-allocator-granularity=16"
    "memorysetup-bucket-allocator-bucket-count=8"
    "memorysetup-bucket-allocator-block-size=33554432"
    "memorysetup-bucket-allocator-block-count=8"
    "memorysetup-main-allocator-block-size=16777216"
    "memorysetup-thread-allocator-block-size=16777216"
    "memorysetup-gfx-main-allocator-block-size=16777216"
    "memorysetup-gfx-thread-allocator-block-size=16777216"
    "memorysetup-cache-allocator-block-size=4194304"
    "memorysetup-typetree-allocator-block-size=2097152"
    "memorysetup-profiler-bucket-allocator-granularity=16"
    "memorysetup-profiler-bucket-allocator-bucket-count=8"
    "memorysetup-profiler-bucket-allocator-block-size=33554432"
    "memorysetup-profiler-bucket-allocator-block-count=8"
    "memorysetup-profiler-allocator-block-size=16777216"
    "memorysetup-profiler-editor-allocator-block-size=1048576"
    "memorysetup-temp-allocator-size-main=16777216"
    "memorysetup-job-temp-allocator-block-size=2097152"
    "memorysetup-job-temp-allocator-block-size-background=1048576"
    "memorysetup-job-temp-allocator-reduction-small-platforms=262144"
    "memorysetup-temp-allocator-size-background-worker=32768"
    "memorysetup-temp-allocator-size-job-worker=262144"
    "memorysetup-temp-allocator-size-preload-manager=33554432"
    "memorysetup-temp-allocator-size-nav-mesh-worker=65536"
    "memorysetup-temp-allocator-size-audio-worker=65536"
    "memorysetup-temp-allocator-size-cloud-worker=32768"
    "memorysetup-temp-allocator-size-gi-baking-worker=262144"
    "memorysetup-temp-allocator-size-gfx=262144"
Refreshing native plugins compatible for Editor in 87.87 ms, found 3 plugins.
Preloading 0 native plugins for Editor in 0.00 ms.
Initialize engine version: 2021.3.7f1 (24e8595d6d43)
[Subsystems] Discovering subsystems at path C:/Program Files/Unity/Hub/Editor/2021.3.7f1/Editor/Data/Resources/UnitySubsystems
[Subsystems] Discovering subsystems at path C:/Users/User/Desktop/BattleInDungeon/Assets
GfxDevice: creating device client; threaded=0; jobified=0
Direct3D:
    Version:  Direct3D 11.0 [level 11.1]
    Renderer: AMD Radeon(TM) Graphics (ID=0x1638)
    Vendor:   ATI
    VRAM:     7860 MB
    Driver:   31.0.12002.92
Initialize mono
Mono path[0] = 'C:/Program Files/Unity/Hub/Editor/2021.3.7f1/Editor/Data/Managed'
Mono path[1] = 'C:/Program Files/Unity/Hub/Editor/2021.3.7f1/Editor/Data/MonoBleedingEdge/lib/mono/unityjit-win32'
Mono config path = 'C:/Program Files/Unity/Hub/Editor/2021.3.7f1/Editor/Data/MonoBleedingEdge/etc'
Using monoOptions --debugger-agent=transport=dt_socket,embedding=1,server=y,suspend=n,address=127.0.0.1:56136
Begin MonoManager ReloadAssembly
Registering precompiled unity dll's ...
Register platform support module: C:/Program Files/Unity/Hub/Editor/2021.3.7f1/Editor/Data/PlaybackEngines/WindowsStandaloneSupport/UnityEditor.WindowsStandalone.Extensions.dll
Registered in 0.020935 seconds.
Native extension for WindowsStandalone target not found
Refreshing native plugins compatible for Editor in 89.61 ms, found 3 plugins.
Preloading 0 native plugins for Editor in 0.00 ms.
Mono: successfully reloaded assembly
- Completed reload, in  0.793 seconds
Domain Reload Profiling:
	ReloadAssembly (793ms)
		BeginReloadAssembly (119ms)
			ExecutionOrderSort (0ms)
			DisableScriptedObjects (0ms)
			BackupInstance (0ms)
			ReleaseScriptingObjects (0ms)
			CreateAndSetChildDomain (1ms)
		EndReloadAssembly (517ms)
			LoadAssemblies (114ms)
			RebuildTransferFunctionScriptingTraits (0ms)
			SetupTypeCache (112ms)
			ReleaseScriptCaches (0ms)
			RebuildScriptCaches (38ms)
			SetupLoadedEditorAssemblies (299ms)
				LogAssemblyErrors (0ms)
				InitializePlatformSupportModulesInManaged (14ms)
				SetLoadedEditorAssemblies (0ms)
				RefreshPlugins (90ms)
				BeforeProcessingInitializeOnLoad (2ms)
				ProcessInitializeOnLoadAttributes (140ms)
				ProcessInitializeOnLoadMethodAttributes (53ms)
				AfterProcessingInitializeOnLoad (0ms)
				EditorAssembliesLoaded (0ms)
			ExecutionOrderSort2 (0ms)
			AwakeInstancesAfterBackupRestoration (0ms)
Platform modules already initialized, skipping
Registering precompiled user dll's ...
Registered in 0.011859 seconds.
Begin MonoManager ReloadAssembly
Symbol file LoadedFromMemory doesn't match image C:\Users\User\Desktop\BattleInDungeon\Library\PackageCache\com.unity.visualscripting@1.7.8\Editor\VisualScripting.Core\Dependencies\YamlDotNet\Unity.VisualScripting.YamlDotNet.dll
Symbol file LoadedFromMemory doesn't match image C:\Users\User\Desktop\BattleInDungeon\Library\PackageCache\com.unity.visualscripting@1.7.8\Editor\VisualScripting.Core\Dependencies\DotNetZip\Unity.VisualScripting.IonicZip.dll
Native extension for WindowsStandalone target not found
Refreshing native plugins compatible for Editor in 0.64 ms, found 3 plugins.
Preloading 0 native plugins for Editor in 0.00 ms.
Mono: successfully reloaded assembly
- Completed reload, in  1.025 seconds
Domain Reload Profiling:
	ReloadAssembly (1026ms)
		BeginReloadAssembly (133ms)
			ExecutionOrderSort (0ms)
			DisableScriptedObjects (5ms)
			BackupInstance (0ms)
			ReleaseScriptingObjects (0ms)
			CreateAndSetChildDomain (19ms)
		EndReloadAssembly (767ms)
			LoadAssemblies (122ms)
			RebuildTransferFunctionScriptingTraits (0ms)
			SetupTypeCache (228ms)
			ReleaseScriptCaches (0ms)
			RebuildScriptCaches (46ms)
			SetupLoadedEditorAssemblies (353ms)
				LogAssemblyErrors (0ms)
				InitializePlatformSupportModulesInManaged (8ms)
				SetLoadedEditorAssemblies (0ms)
				RefreshPlugins (1ms)
				BeforeProcessingInitializeOnLoad (100ms)
				ProcessInitializeOnLoadAttributes (203ms)
				ProcessInitializeOnLoadMethodAttributes (24ms)
				AfterProcessingInitializeOnLoad (16ms)
				EditorAssembliesLoaded (0ms)
			ExecutionOrderSort2 (0ms)
			AwakeInstancesAfterBackupRestoration (11ms)
Platform modules already initialized, skipping
========================================================================
Worker process is ready to serve import requests
Launched and connected shader compiler UnityShaderCompiler.exe after 0.05 seconds
Refreshing native plugins compatible for Editor in 0.62 ms, found 3 plugins.
Preloading 0 native plugins for Editor in 0.00 ms.
Unloading 3377 Unused Serialized files (Serialized files now loaded: 0)
Unloading 27 unused Assets / (111.0 KB). Loaded Objects now: 3851.
Memory consumption went from 129.1 MB to 129.0 MB.
Total: 2.926600 ms (FindLiveObjects: 0.245600 ms CreateObjectMapping: 0.099200 ms MarkObjects: 2.482000 ms  DeleteObjects: 0.099300 ms)

AssetImportParameters requested are different than current active one (requested -> active):
  custom:video-decoder-ogg-theora: a1e56fd34408186e4bbccfd4996cb3dc -> 
  custom:container-muxer-webm: aa71ff27fc2769a1b78a27578f13a17b -> 
  custom:container-demuxer-webm: 4f35f7cbe854078d1ac9338744f61a02 -> 
  custom:video-encoder-webm-vp8: eb34c28f22e8b96e1ab97ce403110664 -> 
  custom:audio-encoder-webm-vorbis: bf7c407c2cedff20999df2af8eb42d56 -> 
  custom:framework-win-MediaFoundation: 216162199b28c13a410421893ffa2e32 -> 
  custom:container-demuxer-ogg: 62fdf1f143b41e24485cea50d1cbac27 -> 
  custom:video-decoder-webm-vp8: 9c59270c3fd7afecdb556c50c9e8de78 -> 
  custom:audio-decoder-ogg-vorbis: bf7c407c2cedff20999df2af8eb42d56 -> 
========================================================================
Received Import Request.
  Time since last request: 7843.711828 seconds.
  path: Assets/Ancient-Dungeon-BuiltInRP/Textures/AD_Arch_A_01_AO.png
  artifactKey: Guid(ca69f5b1b6ff5e34c97e6586851b77cb) Importer(815301076,1909f56bfc062723c751e8b465ee728b)
Start importing Assets/Ancient-Dungeon-BuiltInRP/Textures/AD_Arch_A_01_AO.png using Guid(ca69f5b1b6ff5e34c97e6586851b77cb) Importer(815301076,1909f56bfc062723c751e8b465ee728b)  -> (artifact id: 'c4581c5239cf6718c954c64d1fa9fac9') in 0.847488 seconds 
========================================================================
Received Import Request.
  Time since last request: 0.000030 seconds.
  path: Assets/Ancient-Dungeon-BuiltInRP/Textures/AD_DecoTile_A_01_BaseColor.png
  artifactKey: Guid(15f4fe9e709ccaf4f87ea07c061208fb) Importer(815301076,1909f56bfc062723c751e8b465ee728b)
Start importing Assets/Ancient-Dungeon-BuiltInRP/Textures/AD_DecoTile_A_01_BaseColor.png using Guid(15f4fe9e709ccaf4f87ea07c061208fb) Importer(815301076,1909f56bfc062723c751e8b465ee728b)  -> (artifact id: '400f5660553c6b9df250a7c4d91c600c') in 0.014114 seconds 
========================================================================
Received Import Request.
  Time since last request: 0.000031 seconds.
  path: Assets/Ancient-Dungeon-BuiltInRP/Textures/AD_GroundTile_B_01_AO.png
  artifactKey: Guid(d0ae09722c22e9248b2086c6e3934e9b) Importer(815301076,1909f56bfc062723c751e8b465ee728b)
Start importing Assets/Ancient-Dungeon-BuiltInRP/Textures/AD_GroundTile_B_01_AO.png using Guid(d0ae09722c22e9248b2086c6e3934e9b) Importer(815301076,1909f56bfc062723c751e8b465ee728b)  -> (artifact id: 'dbcb9981ed4759f5f486ccfbf5b18345') in 0.090529 seconds 
========================================================================
Received Import Request.
  Time since last request: 0.000023 seconds.
  path: Assets/Ancient-Dungeon-BuiltInRP/Textures/AD_GateStair_A_01_AO.png
  artifactKey: Guid(0f70568c9b8c9c94a99916e3a7644717) Importer(815301076,1909f56bfc062723c751e8b465ee728b)
Start importing Assets/Ancient-Dungeon-BuiltInRP/Textures/AD_GateStair_A_01_AO.png using Guid(0f70568c9b8c9c94a99916e3a7644717) Importer(815301076,1909f56bfc062723c751e8b465ee728b)  -> (artifact id: '3b72cf4573055fa9de2020cb4b5b58e2') in 0.012359 seconds 
========================================================================
Received Import Request.
  Time since last request: 0.000026 seconds.
  path: Assets/Ancient-Dungeon-BuiltInRP/Textures/AD_Arch_B_01_Normal.png
  artifactKey: Guid(a62798092b45e704c89f0d8c88fe61df) Importer(815301076,1909f56bfc062723c751e8b465ee728b)
Start importing Assets/Ancient-Dungeon-BuiltInRP/Textures/AD_Arch_B_01_Normal.png using Guid(a62798092b45e704c89f0d8c88fe61df) Importer(815301076,1909f56bfc062723c751e8b465ee728b)  -> (artifact id: '9f53f51bb3c4fa7c0d240521820e2aa2') in 0.341425 seconds 
========================================================================
Received Import Request.
  Time since last request: 0.000020 seconds.
  path: Assets/Ancient-Dungeon-BuiltInRP/Textures/AD_GroundTile_A_01_BaseColor.png
  artifactKey: Guid(9561b1d66d2a0c64194ae12f6d698b35) Importer(815301076,1909f56bfc062723c751e8b465ee728b)
Start importing Assets/Ancient-Dungeon-BuiltInRP/Textures/AD_GroundTile_A_01_BaseColor.png using Guid(9561b1d66d2a0c64194ae12f6d698b35) Importer(815301076,1909f56bfc062723c751e8b465ee728b)  -> (artifact id: '0ec19f32a196e0b8fb4ade44b27d2b61') in 0.101629 seconds 
========================================================================
Received Import Request.
  Time since last request: 0.000027 seconds.
  path: Assets/Ancient-Dungeon-BuiltInRP/Textures/AD_Frame_B_01_Normal.png
  artifactKey: Guid(6558b26f0baae3646a46cbe400538aaa) Importer(815301076,1909f56bfc062723c751e8b465ee728b)
Start importing Assets/Ancient-Dungeon-BuiltInRP/Textures/AD_Frame_B_01_Normal.png using Guid(6558b26f0baae3646a46cbe400538aaa) Importer(815301076,1909f56bfc062723c751e8b465ee728b)  -> (artifact id: '4a983cbc5402d98c0d30e6baf777e574') in 0.110958 seconds 
========================================================================
Received Import Request.
  Time since last request: 0.000018 seconds.
  path: Assets/Ancient-Dungeon-BuiltInRP/Textures/AD_Frame_C_01_AO.png
  artifactKey: Guid(6fbe2f693cdc43541b6c98671e8e55a6) Importer(815301076,1909f56bfc062723c751e8b465ee728b)
Start importing Assets/Ancient-Dungeon-BuiltInRP/Textures/AD_Frame_C_01_AO.png using Guid(6fbe2f693cdc43541b6c98671e8e55a6) Importer(815301076,1909f56bfc062723c751e8b465ee728b)  -> (artifact id: 'e9dca53d35f7d828239981661a927f26') in 0.013177 seconds 
========================================================================
Received Import Request.
  Time since last request: 0.000020 seconds.
  path: Assets/Ancient-Dungeon-BuiltInRP/Textures/AD_DecoTile_B_01_BaseColor.png
  artifactKey: Guid(d157aa10e59ed5e4fa131b324b7d644f) Importer(815301076,1909f56bfc062723c751e8b465ee728b)
Start importing Assets/Ancient-Dungeon-BuiltInRP/Textures/AD_DecoTile_B_01_BaseColor.png using Guid(d157aa10e59ed5e4fa131b324b7d644f) Importer(815301076,1909f56bfc062723c751e8b465ee728b)  -> (artifact id: 'af2cf35c64006afa5a8a1ceddacc1133') in 0.013084 seconds 
========================================================================
Received Import Request.
  Time since last request: 0.000026 seconds.
  path: Assets/Ancient-Dungeon-BuiltInRP/Textures/AD_Door_A_01_BaseColor.png
  artifactKey: Guid(5fe44c3fc974acd40aa9e3e78f4e9186) Importer(815301076,1909f56bfc062723c751e8b465ee728b)
Start importing Assets/Ancient-Dungeon-BuiltInRP/Textures/AD_Door_A_01_BaseColor.png using Guid(5fe44c3fc974acd40aa9e3e78f4e9186) Importer(815301076,1909f56bfc062723c751e8b465ee728b)  -> (artifact id: 'ad39e88f1228a28c592b7e8a3734e61e') in 0.073880 seconds 
========================================================================
Received Import Request.
  Time since last request: 0.000031 seconds.
  path: Assets/Ancient-Dungeon-BuiltInRP/Textures/AD_DoorFrame_B_01_AO.png
  artifactKey: Guid(7dd09715ca58a474eb198b6408e817b6) Importer(815301076,1909f56bfc062723c751e8b465ee728b)
Start importing Assets/Ancient-Dungeon-BuiltInRP/Textures/AD_DoorFrame_B_01_AO.png using Guid(7dd09715ca58a474eb198b6408e817b6) Importer(815301076,1909f56bfc062723c751e8b465ee728b)  -> (artifact id: '948d38791f60c36c7ae395d0bde96082') in 0.014734 seconds 
========================================================================
Received Import Request.
  Time since last request: 0.000032 seconds.
  path: Assets/Ancient-Dungeon-BuiltInRP/Textures/AD_GateStair_A_01_MetallicSmoothness.png
  artifactKey: Guid(e9b85b324c68a6648b79aa62bff58878) Importer(815301076,1909f56bfc062723c751e8b465ee728b)
Start importing Assets/Ancient-Dungeon-BuiltInRP/Textures/AD_GateStair_A_01_MetallicSmoothness.png using Guid(e9b85b324c68a6648b79aa62bff58878) Importer(815301076,1909f56bfc062723c751e8b465ee728b)  -> (artifact id: '7c7557b3916824fddc398365d984ac60') in 0.012044 seconds 
========================================================================
Received Import Request.
  Time since last request: 0.000029 seconds.
  path: Assets/Ancient-Dungeon-BuiltInRP/Textures/AD_GroundTile_B_01_Normal.png
  artifactKey: Guid(b9bd106171b60c644814e960a7298708) Importer(815301076,1909f56bfc062723c751e8b465ee728b)
Start importing Assets/Ancient-Dungeon-BuiltInRP/Textures/AD_GroundTile_B_01_Normal.png using Guid(b9bd106171b60c644814e960a7298708) Importer(815301076,1909f56bfc062723c751e8b465ee728b)  -> (artifact id: 'f54cdc59eabaa2a77b4759053ee15a3f') in 0.076768 seconds 
========================================================================
Received Import Request.
  Time since last request: 0.000036 seconds.
  path: Assets/Ancient-Dungeon-BuiltInRP/Textures/AD_ArchPillar_A_01_Normal.png
  artifactKey: Guid(51680d14b372a844ab924e2350d8b6bd) Importer(815301076,1909f56bfc062723c751e8b465ee728b)
Start importing Assets/Ancient-Dungeon-BuiltInRP/Textures/AD_ArchPillar_A_01_Normal.png using Guid(51680d14b372a844ab924e2350d8b6bd) Importer(815301076,1909f56bfc062723c751e8b465ee728b)  -> (artifact id: 'd903a7345e90384ae486fbc914ff9a62') in 0.012712 seconds 
========================================================================
Received Import Request.
  Time since last request: 0.000018 seconds.
  path: Assets/Ancient-Dungeon-BuiltInRP/Textures/AD_Arch_B_01_MetallicSmoothness.png
  artifactKey: Guid(18ac6cf0ad939c540964d06b2ca568e0) Importer(815301076,1909f56bfc062723c751e8b465ee728b)
Start importing Assets/Ancient-Dungeon-BuiltInRP/Textures/AD_Arch_B_01_MetallicSmoothness.png using Guid(18ac6cf0ad939c540964d06b2ca568e0) Importer(815301076,1909f56bfc062723c751e8b465ee728b)  -> (artifact id: '6178776e03a199d5672711cab1e4f5f6') in 0.010795 seconds 
========================================================================
Received Import Request.
  Time since last request: 0.000021 seconds.
  path: Assets/Ancient-Dungeon-BuiltInRP/Textures/AD_DoorHandle_A_01_Normal.png
  artifactKey: Guid(682838175f96b2c4288d9adade945461) Importer(815301076,1909f56bfc062723c751e8b465ee728b)
Start importing Assets/Ancient-Dungeon-BuiltInRP/Textures/AD_DoorHandle_A_01_Normal.png using Guid(682838175f96b2c4288d9adade945461) Importer(815301076,1909f56bfc062723c751e8b465ee728b)  -> (artifact id: '4cdf299d541f16fcdde89d9d3a9b1333') in 0.013614 seconds 
========================================================================
Received Import Request.
  Time since last request: 0.000018 seconds.
  path: Assets/Ancient-Dungeon-BuiltInRP/Textures/AD_Arch_B_01_AO.png
  artifactKey: Guid(cd77554981300c148accf1638bc18223) Importer(815301076,1909f56bfc062723c751e8b465ee728b)
Start importing Assets/Ancient-Dungeon-BuiltInRP/Textures/AD_Arch_B_01_AO.png using Guid(cd77554981300c148accf1638bc18223) Importer(815301076,1909f56bfc062723c751e8b465ee728b)  -> (artifact id: '35ebced638d0c24a754cc8d8c5ef8b3a') in 0.011770 seconds 
========================================================================
Received Import Request.
  Time since last request: 0.000026 seconds.
  path: Assets/Ancient-Dungeon-BuiltInRP/Textures/AD_ArchPillar_A_01_MetallicSmoothness.png
  artifactKey: Guid(80a7bc4af6c0aaa41b158a422c66bf40) Importer(815301076,1909f56bfc062723c751e8b465ee728b)
Start importing Assets/Ancient-Dungeon-BuiltInRP/Textures/AD_ArchPillar_A_01_MetallicSmoothness.png using Guid(80a7bc4af6c0aaa41b158a422c66bf40) Importer(815301076,1909f56bfc062723c751e8b465ee728b)  -> (artifact id: 'd25d67670f2faf6cf672eafac191f308') in 0.011415 seconds 
========================================================================
Received Import Request.
  Time since last request: 0.000022 seconds.
  path: Assets/Ancient-Dungeon-BuiltInRP/Textures/AD_DecoTile_D_01_MetallicSmoothness.png
  artifactKey: Guid(449fd6f6ddd2f8943ba1436b3f7907c6) Importer(815301076,1909f56bfc062723c751e8b465ee728b)
Start importing Assets/Ancient-Dungeon-BuiltInRP/Textures/AD_DecoTile_D_01_MetallicSmoothness.png using Guid(449fd6f6ddd2f8943ba1436b3f7907c6) Importer(815301076,1909f56bfc062723c751e8b465ee728b)  -> (artifact id: 'fa2bd509798870a99823c600d2af84ca') in 0.012714 seconds 
========================================================================
Received Import Request.
  Time since last request: 0.000022 seconds.
  path: Assets/Ancient-Dungeon-BuiltInRP/Textures/AD_DecoTile_B_01_AO.png
  artifactKey: Guid(9eddd2b66269cdc45900159baa490ea4) Importer(815301076,1909f56bfc062723c751e8b465ee728b)
Start importing Assets/Ancient-Dungeon-BuiltInRP/Textures/AD_DecoTile_B_01_AO.png using Guid(9eddd2b66269cdc45900159baa490ea4) Importer(815301076,1909f56bfc062723c751e8b465ee728b)  -> (artifact id: '15704f960614106b9051858693c1f24b') in 0.013952 seconds 
========================================================================
Received Import Request.
  Time since last request: 0.000024 seconds.
  path: Assets/Ancient-Dungeon-BuiltInRP/Textures/AD_Brazier_A_01_MetallicSmoothness.png
  artifactKey: Guid(8463432cba27c6249919fe62b20ec6ab) Importer(815301076,1909f56bfc062723c751e8b465ee728b)
Start importing Assets/Ancient-Dungeon-BuiltInRP/Textures/AD_Brazier_A_01_MetallicSmoothness.png using Guid(8463432cba27c6249919fe62b20ec6ab) Importer(815301076,1909f56bfc062723c751e8b465ee728b)  -> (artifact id: '683fc060094241e64ff6798b867b4371') in 0.233181 seconds 
========================================================================
Received Import Request.
  Time since last request: 0.000025 seconds.
  path: Assets/Ancient-Dungeon-BuiltInRP/Textures/AD_GatePillar_A_01_BaseColor.png
  artifactKey: Guid(df8bd46790aa8074f94fb3739184de3f) Importer(815301076,1909f56bfc062723c751e8b465ee728b)
Start importing Assets/Ancient-Dungeon-BuiltInRP/Textures/AD_GatePillar_A_01_BaseColor.png using Guid(df8bd46790aa8074f94fb3739184de3f) Importer(815301076,1909f56bfc062723c751e8b465ee728b)  -> (artifact id: '3c71607a91ea052e6fd62e6ca8bddf10') in 0.126574 seconds 
========================================================================
Received Import Request.
  Time since last request: 0.000018 seconds.
  path: Assets/Ancient-Dungeon-BuiltInRP/Textures/AD_DecoTile_D_01_AO.png
  artifactKey: Guid(a44fc99fc8289484fbd610d8cb9a84d2) Importer(815301076,1909f56bfc062723c751e8b465ee728b)
Start importing Assets/Ancient-Dungeon-BuiltInRP/Textures/AD_DecoTile_D_01_AO.png using Guid(a44fc99fc8289484fbd610d8cb9a84d2) Importer(815301076,1909f56bfc062723c751e8b465ee728b)  -> (artifact id: '5dee218db831ef36bd71f1094d0fb3b8') in 0.012158 seconds 
========================================================================
Received Import Request.
  Time since last request: 0.000020 seconds.
  path: Assets/Ancient-Dungeon-BuiltInRP/Textures/AD_GateStair_B_01_AO.png
  artifactKey: Guid(9f0d1d9059583df45b65fa3e9fa24d16) Importer(815301076,1909f56bfc062723c751e8b465ee728b)
Start importing Assets/Ancient-Dungeon-BuiltInRP/Textures/AD_GateStair_B_01_AO.png using Guid(9f0d1d9059583df45b65fa3e9fa24d16) Importer(815301076,1909f56bfc062723c751e8b465ee728b)  -> (artifact id: 'f7a90a8f82de60bd4bd909fa02765148') in 0.012601 seconds 
========================================================================
Received Import Request.
  Time since last request: 0.000027 seconds.
  path: Assets/Ancient-Dungeon-BuiltInRP/Textures/AD_GroundTile_A_01_AO.png
  artifactKey: Guid(38e6441db4be460409e1168bc9f3d5a4) Importer(815301076,1909f56bfc062723c751e8b465ee728b)
Start importing Assets/Ancient-Dungeon-BuiltInRP/Textures/AD_GroundTile_A_01_AO.png using Guid(38e6441db4be460409e1168bc9f3d5a4) Importer(815301076,1909f56bfc062723c751e8b465ee728b)  -> (artifact id: '81352f9a1cafc216a9e286ccb8edf89f') in 0.013892 seconds 
========================================================================
Received Import Request.
  Time since last request: 0.000020 seconds.
  path: Assets/Ancient-Dungeon-BuiltInRP/Textures/AD_ArchDeco_A_01_Normal.png
  artifactKey: Guid(6d3fe42a0c7db1b42af601d7c81a8a66) Importer(815301076,1909f56bfc062723c751e8b465ee728b)
Start importing Assets/Ancient-Dungeon-BuiltInRP/Textures/AD_ArchDeco_A_01_Normal.png using Guid(6d3fe42a0c7db1b42af601d7c81a8a66) Importer(815301076,1909f56bfc062723c751e8b465ee728b)  -> (artifact id: '1fa897e298126f6898f620970efa85aa') in 0.012861 seconds 
========================================================================
Received Import Request.
  Time since last request: 0.000034 seconds.
  path: Assets/Ancient-Dungeon-BuiltInRP/Textures/AD_GateStair_A_01_Normal.png
  artifactKey: Guid(d57c8e8b031b6514db8265502ad63a3d) Importer(815301076,1909f56bfc062723c751e8b465ee728b)
Start importing Assets/Ancient-Dungeon-BuiltInRP/Textures/AD_GateStair_A_01_Normal.png using Guid(d57c8e8b031b6514db8265502ad63a3d) Importer(815301076,1909f56bfc062723c751e8b465ee728b)  -> (artifact id: '9dea3081e3d0bb23d1a0f13742076ed5') in 0.012869 seconds 
========================================================================
Received Import Request.
  Time since last request: 0.000060 seconds.
  path: Assets/Ancient-Dungeon-BuiltInRP/Textures/AD_DecoTile_C_01_MetallicSmoothness.png
  artifactKey: Guid(08748f0dae30bec49906631d4d73ec58) Importer(815301076,1909f56bfc062723c751e8b465ee728b)
Start importing Assets/Ancient-Dungeon-BuiltInRP/Textures/AD_DecoTile_C_01_MetallicSmoothness.png using Guid(08748f0dae30bec49906631d4d73ec58) Importer(815301076,1909f56bfc062723c751e8b465ee728b)  -> (artifact id: 'fdc2010743ad6d541fdbe4e918957185') in 0.011746 seconds 
========================================================================
Received Import Request.
  Time since last request: 0.000025 seconds.
  path: Assets/Ancient-Dungeon-BuiltInRP/Textures/AD_DecoTile_C_01_Normal.png
  artifactKey: Guid(a8f0ffa78993fca4a94bf87ef112b2ed) Importer(815301076,1909f56bfc062723c751e8b465ee728b)
Start importing Assets/Ancient-Dungeon-BuiltInRP/Textures/AD_DecoTile_C_01_Normal.png using Guid(a8f0ffa78993fca4a94bf87ef112b2ed) Importer(815301076,1909f56bfc062723c751e8b465ee728b)  -> (artifact id: '629c25c0898ffdac0aea7dbc60c8e34a') in 0.012906 seconds 
========================================================================
Received Import Request.
  Time since last request: 0.000022 seconds.
  path: Assets/Ancient-Dungeon-BuiltInRP/Textures/AD_DoorFrame_B_01_Normal.png
  artifactKey: Guid(3211f16337b27d94dad7d3087b357d8e) Importer(815301076,1909f56bfc062723c751e8b465ee728b)
Start importing Assets/Ancient-Dungeon-BuiltInRP/Textures/AD_DoorFrame_B_01_Normal.png using Guid(3211f16337b27d94dad7d3087b357d8e) Importer(815301076,1909f56bfc062723c751e8b465ee728b)  -> (artifact id: 'a7602b46c8240aa553d3a16c7decceba') in 0.013801 seconds 
========================================================================
Received Import Request.
  Time since last request: 0.000044 seconds.
  path: Assets/Ancient-Dungeon-BuiltInRP/Textures/AD_Pillar_A_01_AO.png
  artifactKey: Guid(315864222c8ce0f438ce41c642a935d8) Importer(815301076,1909f56bfc062723c751e8b465ee728b)
Start importing Assets/Ancient-Dungeon-BuiltInRP/Textures/AD_Pillar_A_01_AO.png using Guid(315864222c8ce0f438ce41c642a935d8) Importer(815301076,1909f56bfc062723c751e8b465ee728b)  -> (artifact id: 'ba5a3abb2640f700d3408fbca65e1934') in 0.015799 seconds 
========================================================================
Received Import Request.
  Time since last request: 0.000029 seconds.
  path: Assets/Ancient-Dungeon-BuiltInRP/Textures/AD_Frame_A_01_MetallicSmoothness.png
  artifactKey: Guid(114cbe99a1c7a7042a88b4160f2399e8) Importer(815301076,1909f56bfc062723c751e8b465ee728b)
Start importing Assets/Ancient-Dungeon-BuiltInRP/Textures/AD_Frame_A_01_MetallicSmoothness.png using Guid(114cbe99a1c7a7042a88b4160f2399e8) Importer(815301076,1909f56bfc062723c751e8b465ee728b)  -> (artifact id: 'e5e2c32c227a14838aefb1e4e25d9bac') in 0.012926 seconds 
========================================================================
Received Import Request.
  Time since last request: 0.000024 seconds.
  path: Assets/Ancient-Dungeon-BuiltInRP/Textures/AD_DoorHandle_A_01_MetallicSmoothness.png
  artifactKey: Guid(02fd2a952a5e91c46878c81a66f2afb4) Importer(815301076,1909f56bfc062723c751e8b465ee728b)
Start importing Assets/Ancient-Dungeon-BuiltInRP/Textures/AD_DoorHandle_A_01_MetallicSmoothness.png using Guid(02fd2a952a5e91c46878c81a66f2afb4) Importer(815301076,1909f56bfc062723c751e8b465ee728b)  -> (artifact id: '8d6a207db66bf5441a5dae73678f2d7d') in 0.013325 seconds 
========================================================================
Received Import Request.
  Time since last request: 0.000019 seconds.
  path: Assets/Ancient-Dungeon-BuiltInRP/Textures/AD_Frame_B_01_BaseColor.png
  artifactKey: Guid(c3ec92b9e50b8c548bb1f619ca907475) Importer(815301076,1909f56bfc062723c751e8b465ee728b)
Start importing Assets/Ancient-Dungeon-BuiltInRP/Textures/AD_Frame_B_01_BaseColor.png using Guid(c3ec92b9e50b8c548bb1f619ca907475) Importer(815301076,1909f56bfc062723c751e8b465ee728b)  -> (artifact id: '9007b7d6b11fb541c83a57ddf06762df') in 0.012065 seconds 
========================================================================
Received Import Request.
  Time since last request: 0.000019 seconds.
  path: Assets/Ancient-Dungeon-BuiltInRP/Textures/AD_DecoTile_D_01_BaseColor.png
  artifactKey: Guid(f3a8d10839a3a174c88dce5c186f73c8) Importer(815301076,1909f56bfc062723c751e8b465ee728b)
Start importing Assets/Ancient-Dungeon-BuiltInRP/Textures/AD_DecoTile_D_01_BaseColor.png using Guid(f3a8d10839a3a174c88dce5c186f73c8) Importer(815301076,1909f56bfc062723c751e8b465ee728b)  -> (artifact id: 'f1e93cad3bf83f09692895b37766ad4f') in 0.015037 seconds 
========================================================================
Received Import Request.
  Time since last request: 0.000018 seconds.
  path: Assets/Ancient-Dungeon-BuiltInRP/Textures/AD_Brazier_A_01_BaseColor.png
  artifactKey: Guid(f2b28caced4db534ba63f2ca244ddbb5) Importer(815301076,1909f56bfc062723c751e8b465ee728b)
Start importing Assets/Ancient-Dungeon-BuiltInRP/Textures/AD_Brazier_A_01_BaseColor.png using Guid(f2b28caced4db534ba63f2ca244ddbb5) Importer(815301076,1909f56bfc062723c751e8b465ee728b)  -> (artifact id: '172f593ea66914ef6fb8f87a75fc4721') in 0.012838 seconds 
========================================================================
Received Import Request.
  Time since last request: 0.000038 seconds.
  path: Assets/Ancient-Dungeon-BuiltInRP/Textures/AD_DoorHandle_A_01_AO.png
  artifactKey: Guid(291b9f4682a81384180fac93d1d75d78) Importer(815301076,1909f56bfc062723c751e8b465ee728b)
Start importing Assets/Ancient-Dungeon-BuiltInRP/Textures/AD_DoorHandle_A_01_AO.png using Guid(291b9f4682a81384180fac93d1d75d78) Importer(815301076,1909f56bfc062723c751e8b465ee728b)  -> (artifact id: 'b95d23b9a7ad18ef98282222bf024f37') in 0.012318 seconds 
========================================================================
Received Import Request.
  Time since last request: 0.000041 seconds.
  path: Assets/Ancient-Dungeon-BuiltInRP/Textures/AD_Brazier_A_01_Normal.png
  artifactKey: Guid(10cad4a2abd553548913e719811a61c7) Importer(815301076,1909f56bfc062723c751e8b465ee728b)
Start importing Assets/Ancient-Dungeon-BuiltInRP/Textures/AD_Brazier_A_01_Normal.png using Guid(10cad4a2abd553548913e719811a61c7) Importer(815301076,1909f56bfc062723c751e8b465ee728b)  -> (artifact id: 'f15bf4016ec3dcbd6c4642d7b4a7486b') in 0.013792 seconds 
========================================================================
Received Import Request.
  Time since last request: 5.323569 seconds.
  path: Assets/Ancient-Dungeon-BuiltInRP/Scenes/Ancient Dungeon Scenes.unity
  artifactKey: Guid(56dac1ec67c6ca74983302912391b702) Importer(815301076,1909f56bfc062723c751e8b465ee728b)
Start importing Assets/Ancient-Dungeon-BuiltInRP/Scenes/Ancient Dungeon Scenes.unity using Guid(56dac1ec67c6ca74983302912391b702) Importer(815301076,1909f56bfc062723c751e8b465ee728b)  -> (artifact id: '3d7154fe6c057ae10658ca9948b4244d') in 0.003482 seconds 
========================================================================
Received Import Request.
  Time since last request: 1.167017 seconds.
  path: Assets/Ancient-Dungeon-BuiltInRP/Terrain/Ancient Dungeon Terrain Material.mat
  artifactKey: Guid(3b7ab0fc313f189409a2c06e2bccb058) Importer(815301076,1909f56bfc062723c751e8b465ee728b)
Start importing Assets/Ancient-Dungeon-BuiltInRP/Terrain/Ancient Dungeon Terrain Material.mat using Guid(3b7ab0fc313f189409a2c06e2bccb058) Importer(815301076,1909f56bfc062723c751e8b465ee728b)  -> (artifact id: 'c6374b8cfe7341e9f9bcb23cc4f666c8') in 1.777800 seconds 
========================================================================
Received Import Request.
  Time since last request: 21.496161 seconds.
  path: Assets/Scenes/Ancient Dungeon Scenes.unity
  artifactKey: Guid(26d3a4ff330112448810d8ddc66efc5f) Importer(815301076,1909f56bfc062723c751e8b465ee728b)
Start importing Assets/Scenes/Ancient Dungeon Scenes.unity using Guid(26d3a4ff330112448810d8ddc66efc5f) Importer(815301076,1909f56bfc062723c751e8b465ee728b)  -> (artifact id: '24bea75b8db01282e3d59511c053b4b0') in 0.003182 seconds 
========================================================================
Received Import Request.
  Time since last request: 18.193134 seconds.
  path: Assets/Scenes/GameScenes.unity
  artifactKey: Guid(26d3a4ff330112448810d8ddc66efc5f) Importer(815301076,1909f56bfc062723c751e8b465ee728b)
Start importing Assets/Scenes/GameScenes.unity using Guid(26d3a4ff330112448810d8ddc66efc5f) Importer(815301076,1909f56bfc062723c751e8b465ee728b)  -> (artifact id: 'a886b51aa0a4e24645621a3cf224942a') in 0.003485 seconds 
========================================================================
Received Import Request.
  Time since last request: 10.308421 seconds.
  path: Assets/Scenes/GameScene.unity
  artifactKey: Guid(26d3a4ff330112448810d8ddc66efc5f) Importer(815301076,1909f56bfc062723c751e8b465ee728b)
Start importing Assets/Scenes/GameScene.unity using Guid(26d3a4ff330112448810d8ddc66efc5f) Importer(815301076,1909f56bfc062723c751e8b465ee728b)  -> (artifact id: '058712b9cdda5617bb20ec2d999c7504') in 0.003485 seconds 
