Using pre-set license
Built from '2021.3/staging' branch; Version is '2021.3.7f1 (24e8595d6d43) revision 2418777'; Using compiler version '192829333'; Build Type 'Release'
OS: 'Windows 10  (10.0.19044) 64bit Professional' Language: 'ko' Physical Memory: 15721 MB
BatchMode: 1, IsHumanControllingUs: 0, StartBugReporterOnCrash: 0, Is64bit: 1, IsPro: 1

COMMAND LINE ARGUMENTS:
C:\Program Files\Unity\Hub\Editor\2021.3.7f1\Editor\Unity.exe
-adb2
-batchMode
-noUpm
-name
AssetImportWorker1
-projectPath
C:/Users/User/Desktop/BattleInDungeon
-logFile
Logs/AssetImportWorker1.log
-srvPort
59857
Successfully changed project path to: C:/Users/User/Desktop/BattleInDungeon
C:/Users/User/Desktop/BattleInDungeon
[UnityMemory] Configuration Parameters - Can be set up in boot.config
    "memorysetup-bucket-allocator-granularity=16"
    "memorysetup-bucket-allocator-bucket-count=8"
    "memorysetup-bucket-allocator-block-size=33554432"
    "memorysetup-bucket-allocator-block-count=8"
    "memorysetup-main-allocator-block-size=16777216"
    "memorysetup-thread-allocator-block-size=16777216"
    "memorysetup-gfx-main-allocator-block-size=16777216"
    "memorysetup-gfx-thread-allocator-block-size=16777216"
    "memorysetup-cache-allocator-block-size=4194304"
    "memorysetup-typetree-allocator-block-size=2097152"
    "memorysetup-profiler-bucket-allocator-granularity=16"
    "memorysetup-profiler-bucket-allocator-bucket-count=8"
    "memorysetup-profiler-bucket-allocator-block-size=33554432"
    "memorysetup-profiler-bucket-allocator-block-count=8"
    "memorysetup-profiler-allocator-block-size=16777216"
    "memorysetup-profiler-editor-allocator-block-size=1048576"
    "memorysetup-temp-allocator-size-main=16777216"
    "memorysetup-job-temp-allocator-block-size=2097152"
    "memorysetup-job-temp-allocator-block-size-background=1048576"
    "memorysetup-job-temp-allocator-reduction-small-platforms=262144"
    "memorysetup-temp-allocator-size-background-worker=32768"
    "memorysetup-temp-allocator-size-job-worker=262144"
    "memorysetup-temp-allocator-size-preload-manager=33554432"
    "memorysetup-temp-allocator-size-nav-mesh-worker=65536"
    "memorysetup-temp-allocator-size-audio-worker=65536"
    "memorysetup-temp-allocator-size-cloud-worker=32768"
    "memorysetup-temp-allocator-size-gi-baking-worker=262144"
    "memorysetup-temp-allocator-size-gfx=262144"
Refreshing native plugins compatible for Editor in 76.93 ms, found 3 plugins.
Preloading 0 native plugins for Editor in 0.00 ms.
Initialize engine version: 2021.3.7f1 (24e8595d6d43)
[Subsystems] Discovering subsystems at path C:/Program Files/Unity/Hub/Editor/2021.3.7f1/Editor/Data/Resources/UnitySubsystems
[Subsystems] Discovering subsystems at path C:/Users/User/Desktop/BattleInDungeon/Assets
GfxDevice: creating device client; threaded=0; jobified=0
Direct3D:
    Version:  Direct3D 11.0 [level 11.1]
    Renderer: AMD Radeon(TM) Graphics (ID=0x1638)
    Vendor:   ATI
    VRAM:     7860 MB
    Driver:   31.0.12002.92
Initialize mono
Mono path[0] = 'C:/Program Files/Unity/Hub/Editor/2021.3.7f1/Editor/Data/Managed'
Mono path[1] = 'C:/Program Files/Unity/Hub/Editor/2021.3.7f1/Editor/Data/MonoBleedingEdge/lib/mono/unityjit-win32'
Mono config path = 'C:/Program Files/Unity/Hub/Editor/2021.3.7f1/Editor/Data/MonoBleedingEdge/etc'
Using monoOptions --debugger-agent=transport=dt_socket,embedding=1,server=y,suspend=n,address=127.0.0.1:56364
Begin MonoManager ReloadAssembly
Registering precompiled unity dll's ...
Register platform support module: C:/Program Files/Unity/Hub/Editor/2021.3.7f1/Editor/Data/PlaybackEngines/WindowsStandaloneSupport/UnityEditor.WindowsStandalone.Extensions.dll
Registered in 0.015672 seconds.
Native extension for WindowsStandalone target not found
Refreshing native plugins compatible for Editor in 66.47 ms, found 3 plugins.
Preloading 0 native plugins for Editor in 0.00 ms.
Mono: successfully reloaded assembly
- Completed reload, in  0.588 seconds
Domain Reload Profiling:
	ReloadAssembly (588ms)
		BeginReloadAssembly (92ms)
			ExecutionOrderSort (0ms)
			DisableScriptedObjects (0ms)
			BackupInstance (0ms)
			ReleaseScriptingObjects (0ms)
			CreateAndSetChildDomain (1ms)
		EndReloadAssembly (380ms)
			LoadAssemblies (88ms)
			RebuildTransferFunctionScriptingTraits (0ms)
			SetupTypeCache (78ms)
			ReleaseScriptCaches (0ms)
			RebuildScriptCaches (24ms)
			SetupLoadedEditorAssemblies (229ms)
				LogAssemblyErrors (0ms)
				InitializePlatformSupportModulesInManaged (10ms)
				SetLoadedEditorAssemblies (0ms)
				RefreshPlugins (67ms)
				BeforeProcessingInitializeOnLoad (1ms)
				ProcessInitializeOnLoadAttributes (106ms)
				ProcessInitializeOnLoadMethodAttributes (45ms)
				AfterProcessingInitializeOnLoad (0ms)
				EditorAssembliesLoaded (0ms)
			ExecutionOrderSort2 (0ms)
			AwakeInstancesAfterBackupRestoration (0ms)
Platform modules already initialized, skipping
Registering precompiled user dll's ...
Registered in 0.012346 seconds.
Begin MonoManager ReloadAssembly
Symbol file LoadedFromMemory doesn't match image C:\Users\User\Desktop\BattleInDungeon\Library\PackageCache\com.unity.visualscripting@1.7.8\Editor\VisualScripting.Core\Dependencies\YamlDotNet\Unity.VisualScripting.YamlDotNet.dll
Symbol file LoadedFromMemory doesn't match image C:\Users\User\Desktop\BattleInDungeon\Library\PackageCache\com.unity.visualscripting@1.7.8\Editor\VisualScripting.Core\Dependencies\DotNetZip\Unity.VisualScripting.IonicZip.dll
Native extension for WindowsStandalone target not found
Refreshing native plugins compatible for Editor in 0.68 ms, found 3 plugins.
Preloading 0 native plugins for Editor in 0.00 ms.
Mono: successfully reloaded assembly
- Completed reload, in  1.153 seconds
Domain Reload Profiling:
	ReloadAssembly (1154ms)
		BeginReloadAssembly (140ms)
			ExecutionOrderSort (0ms)
			DisableScriptedObjects (6ms)
			BackupInstance (0ms)
			ReleaseScriptingObjects (0ms)
			CreateAndSetChildDomain (20ms)
		EndReloadAssembly (868ms)
			LoadAssemblies (123ms)
			RebuildTransferFunctionScriptingTraits (0ms)
			SetupTypeCache (215ms)
			ReleaseScriptCaches (1ms)
			RebuildScriptCaches (43ms)
			SetupLoadedEditorAssemblies (464ms)
				LogAssemblyErrors (0ms)
				InitializePlatformSupportModulesInManaged (9ms)
				SetLoadedEditorAssemblies (0ms)
				RefreshPlugins (1ms)
				BeforeProcessingInitializeOnLoad (105ms)
				ProcessInitializeOnLoadAttributes (292ms)
				ProcessInitializeOnLoadMethodAttributes (34ms)
				AfterProcessingInitializeOnLoad (22ms)
				EditorAssembliesLoaded (0ms)
			ExecutionOrderSort2 (0ms)
			AwakeInstancesAfterBackupRestoration (13ms)
Platform modules already initialized, skipping
========================================================================
Worker process is ready to serve import requests
Launched and connected shader compiler UnityShaderCompiler.exe after 0.06 seconds
Refreshing native plugins compatible for Editor in 0.76 ms, found 3 plugins.
Preloading 0 native plugins for Editor in 0.00 ms.
Unloading 3377 Unused Serialized files (Serialized files now loaded: 0)
Unloading 27 unused Assets / (111.4 KB). Loaded Objects now: 3834.
Memory consumption went from 117.1 MB to 117.0 MB.
Total: 4.466000 ms (FindLiveObjects: 0.458700 ms CreateObjectMapping: 0.302200 ms MarkObjects: 3.594300 ms  DeleteObjects: 0.109800 ms)

AssetImportParameters requested are different than current active one (requested -> active):
  custom:video-decoder-ogg-theora: a1e56fd34408186e4bbccfd4996cb3dc -> 
  custom:container-muxer-webm: aa71ff27fc2769a1b78a27578f13a17b -> 
  custom:container-demuxer-webm: 4f35f7cbe854078d1ac9338744f61a02 -> 
  custom:video-encoder-webm-vp8: eb34c28f22e8b96e1ab97ce403110664 -> 
  custom:audio-encoder-webm-vorbis: bf7c407c2cedff20999df2af8eb42d56 -> 
  custom:framework-win-MediaFoundation: 216162199b28c13a410421893ffa2e32 -> 
  custom:container-demuxer-ogg: 62fdf1f143b41e24485cea50d1cbac27 -> 
  custom:video-decoder-webm-vp8: 9c59270c3fd7afecdb556c50c9e8de78 -> 
  custom:audio-decoder-ogg-vorbis: bf7c407c2cedff20999df2af8eb42d56 -> 
========================================================================
Received Import Request.
  Time since last request: 6395.950941 seconds.
  path: Assets/Ancient-Dungeon-BuiltInRP/Scenes
  artifactKey: Guid(9c09b19a18cbaf34fb6a9616a6830423) Importer(815301076,1909f56bfc062723c751e8b465ee728b)
Start importing Assets/Ancient-Dungeon-BuiltInRP/Scenes using Guid(9c09b19a18cbaf34fb6a9616a6830423) Importer(815301076,1909f56bfc062723c751e8b465ee728b)  -> (artifact id: '6e41470d4c03de4a7d9ea1440655f137') in 0.010800 seconds 
========================================================================
Received Import Request.
  Time since last request: 9.430843 seconds.
  path: Assets/Ancient-Dungeon-BuiltInRP/Prefabs/AD_Arch_B_01.prefab
  artifactKey: Guid(99e284973e8ee524bb86e26cfb7f688c) Importer(815301076,1909f56bfc062723c751e8b465ee728b)
Start importing Assets/Ancient-Dungeon-BuiltInRP/Prefabs/AD_Arch_B_01.prefab using Guid(99e284973e8ee524bb86e26cfb7f688c) Importer(815301076,1909f56bfc062723c751e8b465ee728b)  -> (artifact id: '720d619a232a552ea625acc68a44c2a3') in 0.349977 seconds 
========================================================================
Received Import Request.
  Time since last request: 0.000033 seconds.
  path: Assets/Ancient-Dungeon-BuiltInRP/Prefabs/AD_Frame_C_01.prefab
  artifactKey: Guid(157d66ff9b4607444a7c2fb43d2a70a2) Importer(815301076,1909f56bfc062723c751e8b465ee728b)
Start importing Assets/Ancient-Dungeon-BuiltInRP/Prefabs/AD_Frame_C_01.prefab using Guid(157d66ff9b4607444a7c2fb43d2a70a2) Importer(815301076,1909f56bfc062723c751e8b465ee728b)  -> (artifact id: '7d46ddce1490ca083d948246007b6da3') in 0.020750 seconds 
========================================================================
Received Import Request.
  Time since last request: 0.000033 seconds.
  path: Assets/Ancient-Dungeon-BuiltInRP/Prefabs/AD_Frame_A_01.prefab
  artifactKey: Guid(29bb1f28e39acc84c9b33228b01df05e) Importer(815301076,1909f56bfc062723c751e8b465ee728b)
Start importing Assets/Ancient-Dungeon-BuiltInRP/Prefabs/AD_Frame_A_01.prefab using Guid(29bb1f28e39acc84c9b33228b01df05e) Importer(815301076,1909f56bfc062723c751e8b465ee728b)  -> (artifact id: '9544c4e95973237d8eee5be33574f104') in 0.019547 seconds 
========================================================================
Received Import Request.
  Time since last request: 0.000022 seconds.
  path: Assets/Ancient-Dungeon-BuiltInRP/Prefabs/AD_DoorHandle_01.prefab
  artifactKey: Guid(c1b50365ac59d6a469b7ad1760445c56) Importer(815301076,1909f56bfc062723c751e8b465ee728b)
Start importing Assets/Ancient-Dungeon-BuiltInRP/Prefabs/AD_DoorHandle_01.prefab using Guid(c1b50365ac59d6a469b7ad1760445c56) Importer(815301076,1909f56bfc062723c751e8b465ee728b)  -> (artifact id: '552eabbdec9f2ce923b7bdc0907f05a0') in 0.018328 seconds 
========================================================================
Received Import Request.
  Time since last request: 0.000021 seconds.
  path: Assets/Ancient-Dungeon-BuiltInRP/Prefabs/AD_Wall_F_01.prefab
  artifactKey: Guid(5392dc94cad9fc54d978c1f1f53c1d0f) Importer(815301076,1909f56bfc062723c751e8b465ee728b)
Start importing Assets/Ancient-Dungeon-BuiltInRP/Prefabs/AD_Wall_F_01.prefab using Guid(5392dc94cad9fc54d978c1f1f53c1d0f) Importer(815301076,1909f56bfc062723c751e8b465ee728b)  -> (artifact id: '9472111505c8b72448b6bc1e6451e033') in 0.023689 seconds 
========================================================================
Received Import Request.
  Time since last request: 0.000022 seconds.
  path: Assets/Ancient-Dungeon-BuiltInRP/Prefabs/AD_Ground_N_01.prefab
  artifactKey: Guid(4aad1835753c6fb47b44f6b017a8f825) Importer(815301076,1909f56bfc062723c751e8b465ee728b)
Start importing Assets/Ancient-Dungeon-BuiltInRP/Prefabs/AD_Ground_N_01.prefab using Guid(4aad1835753c6fb47b44f6b017a8f825) Importer(815301076,1909f56bfc062723c751e8b465ee728b)  -> (artifact id: '376aa8d034540885dead459bc434c191') in 0.027285 seconds 
========================================================================
Received Import Request.
  Time since last request: 0.000019 seconds.
  path: Assets/Ancient-Dungeon-BuiltInRP/Prefabs/AD_GatePillar_A_01.prefab
  artifactKey: Guid(4aa99cc484cf70f49bafad41a8207732) Importer(815301076,1909f56bfc062723c751e8b465ee728b)
Start importing Assets/Ancient-Dungeon-BuiltInRP/Prefabs/AD_GatePillar_A_01.prefab using Guid(4aa99cc484cf70f49bafad41a8207732) Importer(815301076,1909f56bfc062723c751e8b465ee728b)  -> (artifact id: 'c12c44681cd46bbf1c62f363676f4283') in 0.018496 seconds 
========================================================================
Received Import Request.
  Time since last request: 0.000017 seconds.
  path: Assets/Ancient-Dungeon-BuiltInRP/Prefabs/AD_Pillar_C_01.prefab
  artifactKey: Guid(6474b38d400c0e34dbbee592fdb95fd4) Importer(815301076,1909f56bfc062723c751e8b465ee728b)
Start importing Assets/Ancient-Dungeon-BuiltInRP/Prefabs/AD_Pillar_C_01.prefab using Guid(6474b38d400c0e34dbbee592fdb95fd4) Importer(815301076,1909f56bfc062723c751e8b465ee728b)  -> (artifact id: 'b54f6617a1800e5f6fa7d1436bc75290') in 0.018552 seconds 
========================================================================
Received Import Request.
  Time since last request: 0.000020 seconds.
  path: Assets/Ancient-Dungeon-BuiltInRP/Prefabs/AD_Ground_L_01.prefab
  artifactKey: Guid(2b8c8bb6d560e334c91d6704c6fccdda) Importer(815301076,1909f56bfc062723c751e8b465ee728b)
Start importing Assets/Ancient-Dungeon-BuiltInRP/Prefabs/AD_Ground_L_01.prefab using Guid(2b8c8bb6d560e334c91d6704c6fccdda) Importer(815301076,1909f56bfc062723c751e8b465ee728b)  -> (artifact id: '1e23e75658bb51ba486c100a7e32f502') in 0.027576 seconds 
========================================================================
Received Import Request.
  Time since last request: 0.000023 seconds.
  path: Assets/Ancient-Dungeon-BuiltInRP/Prefabs/AD_DecoTile_D_01.prefab
  artifactKey: Guid(3dc58be8df899a040ad8ec09f11a2bdb) Importer(815301076,1909f56bfc062723c751e8b465ee728b)
Start importing Assets/Ancient-Dungeon-BuiltInRP/Prefabs/AD_DecoTile_D_01.prefab using Guid(3dc58be8df899a040ad8ec09f11a2bdb) Importer(815301076,1909f56bfc062723c751e8b465ee728b)  -> (artifact id: '3db586e62bfac033f4cd2704df2ca746') in 0.020287 seconds 
========================================================================
Received Import Request.
  Time since last request: 0.000023 seconds.
  path: Assets/Ancient-Dungeon-BuiltInRP/Prefabs/AD_GateStair_A_01.prefab
  artifactKey: Guid(8304db2f140f89f4b87bd58f52fad258) Importer(815301076,1909f56bfc062723c751e8b465ee728b)
Start importing Assets/Ancient-Dungeon-BuiltInRP/Prefabs/AD_GateStair_A_01.prefab using Guid(8304db2f140f89f4b87bd58f52fad258) Importer(815301076,1909f56bfc062723c751e8b465ee728b)  -> (artifact id: '932cc22c45a6351a659b21d923c4b919') in 0.026585 seconds 
========================================================================
Received Import Request.
  Time since last request: 0.000065 seconds.
  path: Assets/Ancient-Dungeon-BuiltInRP/Prefabs/AD_Door_A_01.prefab
  artifactKey: Guid(ae6c4a56a646af5498a6943f3e2480a2) Importer(815301076,1909f56bfc062723c751e8b465ee728b)
Start importing Assets/Ancient-Dungeon-BuiltInRP/Prefabs/AD_Door_A_01.prefab using Guid(ae6c4a56a646af5498a6943f3e2480a2) Importer(815301076,1909f56bfc062723c751e8b465ee728b)  -> (artifact id: 'c9808c3d103ee640395360fa9761eb42') in 0.020175 seconds 
========================================================================
Received Import Request.
  Time since last request: 0.000025 seconds.
  path: Assets/Ancient-Dungeon-BuiltInRP/Prefabs/AD_Ground_A_01.prefab
  artifactKey: Guid(69aee0cea52304644aa6635765fab58a) Importer(815301076,1909f56bfc062723c751e8b465ee728b)
Start importing Assets/Ancient-Dungeon-BuiltInRP/Prefabs/AD_Ground_A_01.prefab using Guid(69aee0cea52304644aa6635765fab58a) Importer(815301076,1909f56bfc062723c751e8b465ee728b)  -> (artifact id: '6a31d93dc70dbb4f1aeea7842ccd4cf1') in 0.027634 seconds 
========================================================================
Received Import Request.
  Time since last request: 0.000024 seconds.
  path: Assets/Ancient-Dungeon-BuiltInRP/Prefabs/AD_Ground_F_01.prefab
  artifactKey: Guid(dd9118b2497bac14eb0cc287a0d90647) Importer(815301076,1909f56bfc062723c751e8b465ee728b)
Start importing Assets/Ancient-Dungeon-BuiltInRP/Prefabs/AD_Ground_F_01.prefab using Guid(dd9118b2497bac14eb0cc287a0d90647) Importer(815301076,1909f56bfc062723c751e8b465ee728b)  -> (artifact id: '012d6509c2f99944798e62a1529a9698') in 0.027201 seconds 
========================================================================
Received Import Request.
  Time since last request: 0.000052 seconds.
  path: Assets/Ancient-Dungeon-BuiltInRP/Prefabs/AD_Door_A_02.prefab
  artifactKey: Guid(dd09e6902d6007e49aab7d26cc6e8391) Importer(815301076,1909f56bfc062723c751e8b465ee728b)
Start importing Assets/Ancient-Dungeon-BuiltInRP/Prefabs/AD_Door_A_02.prefab using Guid(dd09e6902d6007e49aab7d26cc6e8391) Importer(815301076,1909f56bfc062723c751e8b465ee728b)  -> (artifact id: '9e7b13927dd2e2e7c62419810971d52e') in 0.023131 seconds 
========================================================================
Received Import Request.
  Time since last request: 0.000025 seconds.
  path: Assets/Ancient-Dungeon-BuiltInRP/Prefabs/AD_DoorFrame_B_01.prefab
  artifactKey: Guid(c9602723a876f3b41b38552029fa9464) Importer(815301076,1909f56bfc062723c751e8b465ee728b)
Start importing Assets/Ancient-Dungeon-BuiltInRP/Prefabs/AD_DoorFrame_B_01.prefab using Guid(c9602723a876f3b41b38552029fa9464) Importer(815301076,1909f56bfc062723c751e8b465ee728b)  -> (artifact id: 'fa3941cdb722d898055849cfdcf05371') in 0.020955 seconds 
========================================================================
Received Import Request.
  Time since last request: 0.000044 seconds.
  path: Assets/Ancient-Dungeon-BuiltInRP/Prefabs/AD_Ground_E_01.prefab
  artifactKey: Guid(586968a7e2e7f024a85a0061e519174a) Importer(815301076,1909f56bfc062723c751e8b465ee728b)
Start importing Assets/Ancient-Dungeon-BuiltInRP/Prefabs/AD_Ground_E_01.prefab using Guid(586968a7e2e7f024a85a0061e519174a) Importer(815301076,1909f56bfc062723c751e8b465ee728b)  -> (artifact id: '14cc08258ad342bef0a16bdf3ab8d852') in 0.033753 seconds 
========================================================================
Received Import Request.
  Time since last request: 0.000041 seconds.
  path: Assets/Ancient-Dungeon-BuiltInRP/Prefabs/AD_Pillar_D_01.prefab
  artifactKey: Guid(a7a7bae6c0b35264287d6111240dff1b) Importer(815301076,1909f56bfc062723c751e8b465ee728b)
Start importing Assets/Ancient-Dungeon-BuiltInRP/Prefabs/AD_Pillar_D_01.prefab using Guid(a7a7bae6c0b35264287d6111240dff1b) Importer(815301076,1909f56bfc062723c751e8b465ee728b)  -> (artifact id: '09ff1d2886b2b0c14fb53c460ffae129') in 0.020621 seconds 
========================================================================
Received Import Request.
  Time since last request: 0.000027 seconds.
  path: Assets/Ancient-Dungeon-BuiltInRP/Prefabs/AD_Wall_C_01.prefab
  artifactKey: Guid(932b6dd3fbfe0264eb51e2924840ecfc) Importer(815301076,1909f56bfc062723c751e8b465ee728b)
Start importing Assets/Ancient-Dungeon-BuiltInRP/Prefabs/AD_Wall_C_01.prefab using Guid(932b6dd3fbfe0264eb51e2924840ecfc) Importer(815301076,1909f56bfc062723c751e8b465ee728b)  -> (artifact id: 'd48b110c24a15b8f1fbc0a0217207ce7') in 0.024734 seconds 
========================================================================
Received Import Request.
  Time since last request: 0.000027 seconds.
  path: Assets/Ancient-Dungeon-BuiltInRP/Prefabs/AD_Frame_B_01.prefab
  artifactKey: Guid(6e2c4b9d3362a7d4aa30ce9a6af8af7c) Importer(815301076,1909f56bfc062723c751e8b465ee728b)
Start importing Assets/Ancient-Dungeon-BuiltInRP/Prefabs/AD_Frame_B_01.prefab using Guid(6e2c4b9d3362a7d4aa30ce9a6af8af7c) Importer(815301076,1909f56bfc062723c751e8b465ee728b)  -> (artifact id: '14f4701525a31a63cbb984ed3bb4c31a') in 0.021476 seconds 
========================================================================
Received Import Request.
  Time since last request: 0.000021 seconds.
  path: Assets/Ancient-Dungeon-BuiltInRP/Prefabs/AD_Wall_E_01.prefab
  artifactKey: Guid(a1889827040ce9444a068ec1cc7d7deb) Importer(815301076,1909f56bfc062723c751e8b465ee728b)
Start importing Assets/Ancient-Dungeon-BuiltInRP/Prefabs/AD_Wall_E_01.prefab using Guid(a1889827040ce9444a068ec1cc7d7deb) Importer(815301076,1909f56bfc062723c751e8b465ee728b)  -> (artifact id: 'fba451b7634b017fd7613da9685a74f0') in 0.023446 seconds 
========================================================================
Received Import Request.
  Time since last request: 0.000023 seconds.
  path: Assets/Ancient-Dungeon-BuiltInRP/Prefabs/AD_DecoTile_B_01.prefab
  artifactKey: Guid(8683c13a5176a5f4cb37eb14cc2ccea5) Importer(815301076,1909f56bfc062723c751e8b465ee728b)
Start importing Assets/Ancient-Dungeon-BuiltInRP/Prefabs/AD_DecoTile_B_01.prefab using Guid(8683c13a5176a5f4cb37eb14cc2ccea5) Importer(815301076,1909f56bfc062723c751e8b465ee728b)  -> (artifact id: '43ac15a8012140d74f59a01725166aad') in 0.021710 seconds 
========================================================================
Received Import Request.
  Time since last request: 0.000024 seconds.
  path: Assets/Ancient-Dungeon-BuiltInRP/Prefabs/AD_Wall_D_01.prefab
  artifactKey: Guid(22474a6311f506e48ba78cf0a8ab7355) Importer(815301076,1909f56bfc062723c751e8b465ee728b)
Start importing Assets/Ancient-Dungeon-BuiltInRP/Prefabs/AD_Wall_D_01.prefab using Guid(22474a6311f506e48ba78cf0a8ab7355) Importer(815301076,1909f56bfc062723c751e8b465ee728b)  -> (artifact id: '4323789287cf2e98113e0048bd89425c') in 0.022569 seconds 
========================================================================
Received Import Request.
  Time since last request: 0.000024 seconds.
  path: Assets/Ancient-Dungeon-BuiltInRP/Prefabs/AD_Ground_P_01.prefab
  artifactKey: Guid(a1a6fb0f921824d47ad1ff3197bebf76) Importer(815301076,1909f56bfc062723c751e8b465ee728b)
Start importing Assets/Ancient-Dungeon-BuiltInRP/Prefabs/AD_Ground_P_01.prefab using Guid(a1a6fb0f921824d47ad1ff3197bebf76) Importer(815301076,1909f56bfc062723c751e8b465ee728b)  -> (artifact id: '98f4753f486b67c0bb8ba974c74b4494') in 0.029972 seconds 
========================================================================
Received Import Request.
  Time since last request: 0.000022 seconds.
  path: Assets/Ancient-Dungeon-BuiltInRP/Prefabs/AD_Chain_A_01.prefab
  artifactKey: Guid(2d3531b2c6e9b384caf3f340323b92af) Importer(815301076,1909f56bfc062723c751e8b465ee728b)
Start importing Assets/Ancient-Dungeon-BuiltInRP/Prefabs/AD_Chain_A_01.prefab using Guid(2d3531b2c6e9b384caf3f340323b92af) Importer(815301076,1909f56bfc062723c751e8b465ee728b)  -> (artifact id: '8a626b9262849d324e2cdc5e898cf725') in 0.021355 seconds 
========================================================================
Received Import Request.
  Time since last request: 0.000022 seconds.
  path: Assets/Ancient-Dungeon-BuiltInRP/Prefabs/AD_ArchPillar_C_01.prefab
  artifactKey: Guid(82ebf5d1339b0154490dd3f940d77029) Importer(815301076,1909f56bfc062723c751e8b465ee728b)
Start importing Assets/Ancient-Dungeon-BuiltInRP/Prefabs/AD_ArchPillar_C_01.prefab using Guid(82ebf5d1339b0154490dd3f940d77029) Importer(815301076,1909f56bfc062723c751e8b465ee728b)  -> (artifact id: 'd7e3baf69fe747a06c9947ab28cba8cd') in 0.034840 seconds 
========================================================================
Received Import Request.
  Time since last request: 0.000024 seconds.
  path: Assets/Ancient-Dungeon-BuiltInRP/Prefabs/AD_Pillar_E_01.prefab
  artifactKey: Guid(7ecee1e2edf001f4ba23a881ffd750ee) Importer(815301076,1909f56bfc062723c751e8b465ee728b)
Start importing Assets/Ancient-Dungeon-BuiltInRP/Prefabs/AD_Pillar_E_01.prefab using Guid(7ecee1e2edf001f4ba23a881ffd750ee) Importer(815301076,1909f56bfc062723c751e8b465ee728b)  -> (artifact id: 'f401d2804a04fc9e8b1f91b62895a5fb') in 0.018201 seconds 
========================================================================
Received Import Request.
  Time since last request: 0.000043 seconds.
  path: Assets/Ancient-Dungeon-BuiltInRP/Prefabs/AD_Ground_C_01.prefab
  artifactKey: Guid(44937f99310e2c24a8e85a20e52e76db) Importer(815301076,1909f56bfc062723c751e8b465ee728b)
Start importing Assets/Ancient-Dungeon-BuiltInRP/Prefabs/AD_Ground_C_01.prefab using Guid(44937f99310e2c24a8e85a20e52e76db) Importer(815301076,1909f56bfc062723c751e8b465ee728b)  -> (artifact id: 'ceb307a6f977c4454b524a4229a2c7cc') in 0.028217 seconds 
========================================================================
Received Import Request.
  Time since last request: 0.000036 seconds.
  path: Assets/Ancient-Dungeon-BuiltInRP/Prefabs/AD_DecoTile_C_01.prefab
  artifactKey: Guid(30ecd0b4a9fad8c43b78583f01336656) Importer(815301076,1909f56bfc062723c751e8b465ee728b)
Start importing Assets/Ancient-Dungeon-BuiltInRP/Prefabs/AD_DecoTile_C_01.prefab using Guid(30ecd0b4a9fad8c43b78583f01336656) Importer(815301076,1909f56bfc062723c751e8b465ee728b)  -> (artifact id: '8b5cdebdfc030f55921bad4d2953ad83') in 0.022906 seconds 
========================================================================
Received Import Request.
  Time since last request: 0.000031 seconds.
  path: Assets/Ancient-Dungeon-BuiltInRP/Prefabs/AD_Pillar_A_01.prefab
  artifactKey: Guid(85783a11931cd4b419c14a179dbffa74) Importer(815301076,1909f56bfc062723c751e8b465ee728b)
Start importing Assets/Ancient-Dungeon-BuiltInRP/Prefabs/AD_Pillar_A_01.prefab using Guid(85783a11931cd4b419c14a179dbffa74) Importer(815301076,1909f56bfc062723c751e8b465ee728b)  -> (artifact id: 'd0eadaaddde21e98955e91dcb253be83') in 0.022231 seconds 
========================================================================
Received Import Request.
  Time since last request: 0.000042 seconds.
  path: Assets/Ancient-Dungeon-BuiltInRP/Prefabs/AD_ArchPillar_A_01.prefab
  artifactKey: Guid(c779a7ecd4786674bac2bd60786c56cd) Importer(815301076,1909f56bfc062723c751e8b465ee728b)
Start importing Assets/Ancient-Dungeon-BuiltInRP/Prefabs/AD_ArchPillar_A_01.prefab using Guid(c779a7ecd4786674bac2bd60786c56cd) Importer(815301076,1909f56bfc062723c751e8b465ee728b)  -> (artifact id: 'aed891e587710ffad9437529c09e32e1') in 0.020979 seconds 
========================================================================
Received Import Request.
  Time since last request: 0.000025 seconds.
  path: Assets/Ancient-Dungeon-BuiltInRP/Prefabs/AD_Wall_B_01.prefab
  artifactKey: Guid(d963823231b81a34781d38a186a34bd0) Importer(815301076,1909f56bfc062723c751e8b465ee728b)
Start importing Assets/Ancient-Dungeon-BuiltInRP/Prefabs/AD_Wall_B_01.prefab using Guid(d963823231b81a34781d38a186a34bd0) Importer(815301076,1909f56bfc062723c751e8b465ee728b)  -> (artifact id: '02f5974e05e24456157f6dc0e2fee70f') in 0.018586 seconds 
========================================================================
Received Import Request.
  Time since last request: 1437.036489 seconds.
  path: Assets/Ancient-Dungeon-BuiltInRP/Textures/AD_Arch_A_01_BaseColor.png
  artifactKey: Guid(f1a1bb99595befe4193eab691eee2760) Importer(815301076,1909f56bfc062723c751e8b465ee728b)
Start importing Assets/Ancient-Dungeon-BuiltInRP/Textures/AD_Arch_A_01_BaseColor.png using Guid(f1a1bb99595befe4193eab691eee2760) Importer(815301076,1909f56bfc062723c751e8b465ee728b)  -> (artifact id: '8bc4699006505415e5e270d62596c478') in 0.845541 seconds 
========================================================================
Received Import Request.
  Time since last request: 0.000025 seconds.
  path: Assets/Ancient-Dungeon-BuiltInRP/Textures/AD_Door_A_01_AO.png
  artifactKey: Guid(822ea7b2b2d50f941b3d91d6d398d20b) Importer(815301076,1909f56bfc062723c751e8b465ee728b)
Start importing Assets/Ancient-Dungeon-BuiltInRP/Textures/AD_Door_A_01_AO.png using Guid(822ea7b2b2d50f941b3d91d6d398d20b) Importer(815301076,1909f56bfc062723c751e8b465ee728b)  -> (artifact id: '5cf147afd5628345588c2274e00e4d7e') in 0.012354 seconds 
========================================================================
Received Import Request.
  Time since last request: 0.000031 seconds.
  path: Assets/Ancient-Dungeon-BuiltInRP/Textures/AD_Door_A_01_MetallicSmoothness.png
  artifactKey: Guid(df255723343f3ea4cb4d038e4179c80e) Importer(815301076,1909f56bfc062723c751e8b465ee728b)
Start importing Assets/Ancient-Dungeon-BuiltInRP/Textures/AD_Door_A_01_MetallicSmoothness.png using Guid(df255723343f3ea4cb4d038e4179c80e) Importer(815301076,1909f56bfc062723c751e8b465ee728b)  -> (artifact id: '9c2a1007b2a328cc6d97b1268ae3ee0b') in 0.014156 seconds 
========================================================================
Received Import Request.
  Time since last request: 0.000028 seconds.
  path: Assets/Ancient-Dungeon-BuiltInRP/Textures/AD_GroundTile_A_01_MetallicSmoothness.png
  artifactKey: Guid(5e3d0f3aea72f654cb398705df02e234) Importer(815301076,1909f56bfc062723c751e8b465ee728b)
Start importing Assets/Ancient-Dungeon-BuiltInRP/Textures/AD_GroundTile_A_01_MetallicSmoothness.png using Guid(5e3d0f3aea72f654cb398705df02e234) Importer(815301076,1909f56bfc062723c751e8b465ee728b)  -> (artifact id: '644e7e9b0d246bca7d9cf73c580d6e6d') in 0.081457 seconds 
========================================================================
Received Import Request.
  Time since last request: 0.000022 seconds.
  path: Assets/Ancient-Dungeon-BuiltInRP/Textures/AD_Arch_A_01_MetallicSmoothness.png
  artifactKey: Guid(c756ec999166efd46a8272874ddb3370) Importer(815301076,1909f56bfc062723c751e8b465ee728b)
Start importing Assets/Ancient-Dungeon-BuiltInRP/Textures/AD_Arch_A_01_MetallicSmoothness.png using Guid(c756ec999166efd46a8272874ddb3370) Importer(815301076,1909f56bfc062723c751e8b465ee728b)  -> (artifact id: '4c3ff06cd2b0d87f3e1821c39cf8cb5c') in 0.012800 seconds 
========================================================================
Received Import Request.
  Time since last request: 0.000035 seconds.
  path: Assets/Ancient-Dungeon-BuiltInRP/Textures/AD_Frame_A_01_AO.png
  artifactKey: Guid(40584501d1ffff644b0ca3b339728c75) Importer(815301076,1909f56bfc062723c751e8b465ee728b)
Start importing Assets/Ancient-Dungeon-BuiltInRP/Textures/AD_Frame_A_01_AO.png using Guid(40584501d1ffff644b0ca3b339728c75) Importer(815301076,1909f56bfc062723c751e8b465ee728b)  -> (artifact id: '334018ac39e8f29db84e4bf6e9508666') in 0.011992 seconds 
========================================================================
Received Import Request.
  Time since last request: 0.000020 seconds.
  path: Assets/Ancient-Dungeon-BuiltInRP/Textures/AD_DoorHandle_A_01_BaseColor.png
  artifactKey: Guid(c833fe6c93c4de446a863ec9acf40957) Importer(815301076,1909f56bfc062723c751e8b465ee728b)
Start importing Assets/Ancient-Dungeon-BuiltInRP/Textures/AD_DoorHandle_A_01_BaseColor.png using Guid(c833fe6c93c4de446a863ec9acf40957) Importer(815301076,1909f56bfc062723c751e8b465ee728b)  -> (artifact id: 'cf1ebdb1136afc9d068470b18121d3f9') in 0.013235 seconds 
========================================================================
Received Import Request.
  Time since last request: 0.000019 seconds.
  path: Assets/Ancient-Dungeon-BuiltInRP/Textures/AD_DecoTile_C_01_BaseColor.png
  artifactKey: Guid(7c0189a4bec16834faa686f6b9d386a7) Importer(815301076,1909f56bfc062723c751e8b465ee728b)
Start importing Assets/Ancient-Dungeon-BuiltInRP/Textures/AD_DecoTile_C_01_BaseColor.png using Guid(7c0189a4bec16834faa686f6b9d386a7) Importer(815301076,1909f56bfc062723c751e8b465ee728b)  -> (artifact id: '9264ead8b701b8d35a0aee29b9626d08') in 0.012200 seconds 
========================================================================
Received Import Request.
  Time since last request: 0.000020 seconds.
  path: Assets/Ancient-Dungeon-BuiltInRP/Textures/AD_GatePillar_A_01_Normal.png
  artifactKey: Guid(9bd97c485666e084faf154081e681dcf) Importer(815301076,1909f56bfc062723c751e8b465ee728b)
Start importing Assets/Ancient-Dungeon-BuiltInRP/Textures/AD_GatePillar_A_01_Normal.png using Guid(9bd97c485666e084faf154081e681dcf) Importer(815301076,1909f56bfc062723c751e8b465ee728b)  -> (artifact id: '9b1b5ee91dff005f0a5b8ece6c60ed26') in 0.280639 seconds 
========================================================================
Received Import Request.
  Time since last request: 0.000033 seconds.
  path: Assets/Ancient-Dungeon-BuiltInRP/Textures/AD_Arch_B_01_BaseColor.png
  artifactKey: Guid(65405055228cd294e8a2107c99346d58) Importer(815301076,1909f56bfc062723c751e8b465ee728b)
Start importing Assets/Ancient-Dungeon-BuiltInRP/Textures/AD_Arch_B_01_BaseColor.png using Guid(65405055228cd294e8a2107c99346d58) Importer(815301076,1909f56bfc062723c751e8b465ee728b)  -> (artifact id: '2c41a9b4768d3f378e5a36589d601184') in 0.102631 seconds 
========================================================================
Received Import Request.
  Time since last request: 0.000041 seconds.
  path: Assets/Ancient-Dungeon-BuiltInRP/Textures/AD_GroundTile_B_01_BaseColor.png
  artifactKey: Guid(447504f0dd9b16f4da310c5a1271ea21) Importer(815301076,1909f56bfc062723c751e8b465ee728b)
Start importing Assets/Ancient-Dungeon-BuiltInRP/Textures/AD_GroundTile_B_01_BaseColor.png using Guid(447504f0dd9b16f4da310c5a1271ea21) Importer(815301076,1909f56bfc062723c751e8b465ee728b)  -> (artifact id: '549a32a305d734478a3c9ee627efceae') in 0.107848 seconds 
========================================================================
Received Import Request.
  Time since last request: 0.000018 seconds.
  path: Assets/Ancient-Dungeon-BuiltInRP/Textures/AD_DecoTile_D_01_Normal.png
  artifactKey: Guid(0cf2a431b356cbb499b40f7898b8345e) Importer(815301076,1909f56bfc062723c751e8b465ee728b)
Start importing Assets/Ancient-Dungeon-BuiltInRP/Textures/AD_DecoTile_D_01_Normal.png using Guid(0cf2a431b356cbb499b40f7898b8345e) Importer(815301076,1909f56bfc062723c751e8b465ee728b)  -> (artifact id: '1d38262266eaa70697761a89aaaa7444') in 0.013389 seconds 
========================================================================
Received Import Request.
  Time since last request: 0.000028 seconds.
  path: Assets/Ancient-Dungeon-BuiltInRP/Textures/AD_ArchPillar_A_01_BaseColor.png
  artifactKey: Guid(cf40d94c4a2440947a0adbe921bffdd7) Importer(815301076,1909f56bfc062723c751e8b465ee728b)
Start importing Assets/Ancient-Dungeon-BuiltInRP/Textures/AD_ArchPillar_A_01_BaseColor.png using Guid(cf40d94c4a2440947a0adbe921bffdd7) Importer(815301076,1909f56bfc062723c751e8b465ee728b)  -> (artifact id: '5748deb5b1cae8b67fdb478e69a2a163') in 0.012336 seconds 
========================================================================
Received Import Request.
  Time since last request: 0.000016 seconds.
  path: Assets/Ancient-Dungeon-BuiltInRP/Textures/AD_GroundTile_A_01_Normal.png
  artifactKey: Guid(65b26da2e235efd4d8c5f825a4a39e43) Importer(815301076,1909f56bfc062723c751e8b465ee728b)
Start importing Assets/Ancient-Dungeon-BuiltInRP/Textures/AD_GroundTile_A_01_Normal.png using Guid(65b26da2e235efd4d8c5f825a4a39e43) Importer(815301076,1909f56bfc062723c751e8b465ee728b)  -> (artifact id: 'b8b03f8b388fcbed79f8aead4e055731') in 0.012335 seconds 
========================================================================
Received Import Request.
  Time since last request: 0.000019 seconds.
  path: Assets/Ancient-Dungeon-BuiltInRP/Textures/AD_Frame_A_01_Normal.png
  artifactKey: Guid(24f1204495072664c9b59da93b6378ad) Importer(815301076,1909f56bfc062723c751e8b465ee728b)
Start importing Assets/Ancient-Dungeon-BuiltInRP/Textures/AD_Frame_A_01_Normal.png using Guid(24f1204495072664c9b59da93b6378ad) Importer(815301076,1909f56bfc062723c751e8b465ee728b)  -> (artifact id: 'c4b2fc56d9b75ebf017e409fe7bc542d') in 0.063354 seconds 
========================================================================
Received Import Request.
  Time since last request: 0.000068 seconds.
  path: Assets/Ancient-Dungeon-BuiltInRP/Textures/AD_GatePillar_A_01_MetallicSmoothness.png
  artifactKey: Guid(96cd446336851fe4ab523bcb13ed1bb7) Importer(815301076,1909f56bfc062723c751e8b465ee728b)
Start importing Assets/Ancient-Dungeon-BuiltInRP/Textures/AD_GatePillar_A_01_MetallicSmoothness.png using Guid(96cd446336851fe4ab523bcb13ed1bb7) Importer(815301076,1909f56bfc062723c751e8b465ee728b)  -> (artifact id: 'c492fe26a00fdf09cb83e3445f5a277b') in 0.012684 seconds 
========================================================================
Received Import Request.
  Time since last request: 0.000028 seconds.
  path: Assets/Ancient-Dungeon-BuiltInRP/Textures/AD_GateStair_B_01_MetallicSmoothness.png
  artifactKey: Guid(5387d1c5fc643e44e8954e3c531d3a7a) Importer(815301076,1909f56bfc062723c751e8b465ee728b)
Start importing Assets/Ancient-Dungeon-BuiltInRP/Textures/AD_GateStair_B_01_MetallicSmoothness.png using Guid(5387d1c5fc643e44e8954e3c531d3a7a) Importer(815301076,1909f56bfc062723c751e8b465ee728b)  -> (artifact id: '4b99449e524af9f1d6e00d1937d618cf') in 0.086977 seconds 
========================================================================
Received Import Request.
  Time since last request: 0.000024 seconds.
  path: Assets/Ancient-Dungeon-BuiltInRP/Textures/AD_GroundTile_B_01_MetallicSmoothness.png
  artifactKey: Guid(18c20494f4fbc594c80eb9f61e6ce319) Importer(815301076,1909f56bfc062723c751e8b465ee728b)
Start importing Assets/Ancient-Dungeon-BuiltInRP/Textures/AD_GroundTile_B_01_MetallicSmoothness.png using Guid(18c20494f4fbc594c80eb9f61e6ce319) Importer(815301076,1909f56bfc062723c751e8b465ee728b)  -> (artifact id: '549f0eee6e68bfc6c32b82d3c17c9dae') in 0.013565 seconds 
========================================================================
Received Import Request.
  Time since last request: 0.000022 seconds.
  path: Assets/Ancient-Dungeon-BuiltInRP/Textures/AD_Frame_B_01_AO.png
  artifactKey: Guid(3aeffb87cf8828443afa04ee5d69080c) Importer(815301076,1909f56bfc062723c751e8b465ee728b)
Start importing Assets/Ancient-Dungeon-BuiltInRP/Textures/AD_Frame_B_01_AO.png using Guid(3aeffb87cf8828443afa04ee5d69080c) Importer(815301076,1909f56bfc062723c751e8b465ee728b)  -> (artifact id: 'e3b05272488248622c594894ec2f680e') in 0.014525 seconds 
========================================================================
Received Import Request.
  Time since last request: 0.000018 seconds.
  path: Assets/Ancient-Dungeon-BuiltInRP/Textures/AD_DecoTile_A_01_MetallicSmoothness.png
  artifactKey: Guid(b1ec1dbca5674024a83810f8ae5ca161) Importer(815301076,1909f56bfc062723c751e8b465ee728b)
Start importing Assets/Ancient-Dungeon-BuiltInRP/Textures/AD_DecoTile_A_01_MetallicSmoothness.png using Guid(b1ec1dbca5674024a83810f8ae5ca161) Importer(815301076,1909f56bfc062723c751e8b465ee728b)  -> (artifact id: 'f879912e6eec87918f185e1924c60a6b') in 0.012996 seconds 
========================================================================
Received Import Request.
  Time since last request: 0.000019 seconds.
  path: Assets/Ancient-Dungeon-BuiltInRP/Textures/AD_DoorFrame_B_01_BaseColor.png
  artifactKey: Guid(b274af0c3e62cfc4cacdf5e55d6a883f) Importer(815301076,1909f56bfc062723c751e8b465ee728b)
Start importing Assets/Ancient-Dungeon-BuiltInRP/Textures/AD_DoorFrame_B_01_BaseColor.png using Guid(b274af0c3e62cfc4cacdf5e55d6a883f) Importer(815301076,1909f56bfc062723c751e8b465ee728b)  -> (artifact id: 'd8fc8c386713bf509ebd3e4d10748d03') in 0.012643 seconds 
========================================================================
Received Import Request.
  Time since last request: 0.000026 seconds.
  path: Assets/Ancient-Dungeon-BuiltInRP/Textures/AD_ArchPillar_A_01_AO.png
  artifactKey: Guid(c34d8c9e51866a3429418f8702a24e9f) Importer(815301076,1909f56bfc062723c751e8b465ee728b)
Start importing Assets/Ancient-Dungeon-BuiltInRP/Textures/AD_ArchPillar_A_01_AO.png using Guid(c34d8c9e51866a3429418f8702a24e9f) Importer(815301076,1909f56bfc062723c751e8b465ee728b)  -> (artifact id: '0abf388de337000dd49e0779fdfeb075') in 0.012200 seconds 
========================================================================
Received Import Request.
  Time since last request: 0.000030 seconds.
  path: Assets/Ancient-Dungeon-BuiltInRP/Textures/AD_Frame_B_01_MetallicSmoothness.png
  artifactKey: Guid(75127f0993c76c24d95581aab0d678f5) Importer(815301076,1909f56bfc062723c751e8b465ee728b)
Start importing Assets/Ancient-Dungeon-BuiltInRP/Textures/AD_Frame_B_01_MetallicSmoothness.png using Guid(75127f0993c76c24d95581aab0d678f5) Importer(815301076,1909f56bfc062723c751e8b465ee728b)  -> (artifact id: '8d40430c7bebd6e10a4dd954639a4542') in 0.012675 seconds 
========================================================================
Received Import Request.
  Time since last request: 0.000024 seconds.
  path: Assets/Ancient-Dungeon-BuiltInRP/Textures/AD_ArchDeco_A_01_BaseColor.png
  artifactKey: Guid(154e68e25edb7f14bb1f9a753668c626) Importer(815301076,1909f56bfc062723c751e8b465ee728b)
Start importing Assets/Ancient-Dungeon-BuiltInRP/Textures/AD_ArchDeco_A_01_BaseColor.png using Guid(154e68e25edb7f14bb1f9a753668c626) Importer(815301076,1909f56bfc062723c751e8b465ee728b)  -> (artifact id: 'fcc54e17b833971713be77549726c90d') in 0.012538 seconds 
========================================================================
Received Import Request.
  Time since last request: 0.000025 seconds.
  path: Assets/Ancient-Dungeon-BuiltInRP/Textures/AD_Door_A_01_Normal.png
  artifactKey: Guid(6ad24648f0a6b934c88b50346f939b17) Importer(815301076,1909f56bfc062723c751e8b465ee728b)
Start importing Assets/Ancient-Dungeon-BuiltInRP/Textures/AD_Door_A_01_Normal.png using Guid(6ad24648f0a6b934c88b50346f939b17) Importer(815301076,1909f56bfc062723c751e8b465ee728b)  -> (artifact id: '41c96799f36a3282d5ec14fa798841a5') in 0.234030 seconds 
========================================================================
Received Import Request.
  Time since last request: 0.000023 seconds.
  path: Assets/Ancient-Dungeon-BuiltInRP/Textures/AD_Frame_C_01_MetallicSmoothness.png
  artifactKey: Guid(339d8b480ef2e304894e58301321f833) Importer(815301076,1909f56bfc062723c751e8b465ee728b)
Start importing Assets/Ancient-Dungeon-BuiltInRP/Textures/AD_Frame_C_01_MetallicSmoothness.png using Guid(339d8b480ef2e304894e58301321f833) Importer(815301076,1909f56bfc062723c751e8b465ee728b)  -> (artifact id: '7234859f12697a7c1397d96087e398fc') in 0.126498 seconds 
========================================================================
Received Import Request.
  Time since last request: 0.000017 seconds.
  path: Assets/Ancient-Dungeon-BuiltInRP/Textures/AD_DecoTile_B_01_Normal.png
  artifactKey: Guid(f2872e68e29ffcf43915636855db83b9) Importer(815301076,1909f56bfc062723c751e8b465ee728b)
Start importing Assets/Ancient-Dungeon-BuiltInRP/Textures/AD_DecoTile_B_01_Normal.png using Guid(f2872e68e29ffcf43915636855db83b9) Importer(815301076,1909f56bfc062723c751e8b465ee728b)  -> (artifact id: '9e09e537de00d841b512833ef8f23279') in 0.012580 seconds 
========================================================================
Received Import Request.
  Time since last request: 0.000018 seconds.
  path: Assets/Ancient-Dungeon-BuiltInRP/Textures/AD_Frame_C_01_Normal.png
  artifactKey: Guid(515076d3e33ae744ebcea977580a9a58) Importer(815301076,1909f56bfc062723c751e8b465ee728b)
Start importing Assets/Ancient-Dungeon-BuiltInRP/Textures/AD_Frame_C_01_Normal.png using Guid(515076d3e33ae744ebcea977580a9a58) Importer(815301076,1909f56bfc062723c751e8b465ee728b)  -> (artifact id: 'f0ca6652b8918d3a5ebc997e51796711') in 0.013355 seconds 
========================================================================
Received Import Request.
  Time since last request: 0.000016 seconds.
  path: Assets/Ancient-Dungeon-BuiltInRP/Textures/AD_GateStair_B_01_Normal.png
  artifactKey: Guid(418cf51af00768f419849246d44ba3a2) Importer(815301076,1909f56bfc062723c751e8b465ee728b)
Start importing Assets/Ancient-Dungeon-BuiltInRP/Textures/AD_GateStair_B_01_Normal.png using Guid(418cf51af00768f419849246d44ba3a2) Importer(815301076,1909f56bfc062723c751e8b465ee728b)  -> (artifact id: '52c4e2fcfe4d2cf915be5313265deb2f') in 0.013340 seconds 
========================================================================
Received Import Request.
  Time since last request: 0.000022 seconds.
  path: Assets/Ancient-Dungeon-BuiltInRP/Textures/AD_ArchDeco_A_01_MetallicSmoothness.png
  artifactKey: Guid(9f134d0d3a42f304ebac8fe8d9675d00) Importer(815301076,1909f56bfc062723c751e8b465ee728b)
Start importing Assets/Ancient-Dungeon-BuiltInRP/Textures/AD_ArchDeco_A_01_MetallicSmoothness.png using Guid(9f134d0d3a42f304ebac8fe8d9675d00) Importer(815301076,1909f56bfc062723c751e8b465ee728b)  -> (artifact id: 'a29ea953cdd86ad59c85bbf018598774') in 0.011548 seconds 
========================================================================
Received Import Request.
  Time since last request: 0.000021 seconds.
  path: Assets/Ancient-Dungeon-BuiltInRP/Textures/AD_DecoTile_A_01_AO.png
  artifactKey: Guid(04e08251389c47044b124c887178c8f4) Importer(815301076,1909f56bfc062723c751e8b465ee728b)
Start importing Assets/Ancient-Dungeon-BuiltInRP/Textures/AD_DecoTile_A_01_AO.png using Guid(04e08251389c47044b124c887178c8f4) Importer(815301076,1909f56bfc062723c751e8b465ee728b)  -> (artifact id: '66bbb446d4c1b1bd3a7e0a46fd4eb802') in 0.013253 seconds 
========================================================================
Received Import Request.
  Time since last request: 0.000027 seconds.
  path: Assets/Ancient-Dungeon-BuiltInRP/Textures/AD_DecoTile_B_01_MetallicSmoothness.png
  artifactKey: Guid(a2bfdc7a2bd45fe41a72fe6b7ede2ba6) Importer(815301076,1909f56bfc062723c751e8b465ee728b)
Start importing Assets/Ancient-Dungeon-BuiltInRP/Textures/AD_DecoTile_B_01_MetallicSmoothness.png using Guid(a2bfdc7a2bd45fe41a72fe6b7ede2ba6) Importer(815301076,1909f56bfc062723c751e8b465ee728b)  -> (artifact id: 'e88237c501706fbc4fac5e218f22d1bc') in 0.012433 seconds 
========================================================================
Received Import Request.
  Time since last request: 0.000032 seconds.
  path: Assets/Ancient-Dungeon-BuiltInRP/Textures/AD_Frame_C_01_BaseColor.png
  artifactKey: Guid(b6e0067caacbef94da8be4f9706c99d4) Importer(815301076,1909f56bfc062723c751e8b465ee728b)
Start importing Assets/Ancient-Dungeon-BuiltInRP/Textures/AD_Frame_C_01_BaseColor.png using Guid(b6e0067caacbef94da8be4f9706c99d4) Importer(815301076,1909f56bfc062723c751e8b465ee728b)  -> (artifact id: '209aa67ee123d1f81e5da6a65cb4da18') in 0.013435 seconds 
========================================================================
Received Import Request.
  Time since last request: 0.000026 seconds.
  path: Assets/Ancient-Dungeon-BuiltInRP/Textures/AD_DecoTile_A_01_Normal.png
  artifactKey: Guid(471cb3eca6bb5b544957f786277f7c7b) Importer(815301076,1909f56bfc062723c751e8b465ee728b)
Start importing Assets/Ancient-Dungeon-BuiltInRP/Textures/AD_DecoTile_A_01_Normal.png using Guid(471cb3eca6bb5b544957f786277f7c7b) Importer(815301076,1909f56bfc062723c751e8b465ee728b)  -> (artifact id: 'be04ed68487d391ce909dd2bac5430fe') in 0.013255 seconds 
========================================================================
Received Import Request.
  Time since last request: 0.000025 seconds.
  path: Assets/Ancient-Dungeon-BuiltInRP/Textures/AD_GateStair_A_01_BaseColor.png
  artifactKey: Guid(9a036481188cb494186da0bd4f6820ee) Importer(815301076,1909f56bfc062723c751e8b465ee728b)
Start importing Assets/Ancient-Dungeon-BuiltInRP/Textures/AD_GateStair_A_01_BaseColor.png using Guid(9a036481188cb494186da0bd4f6820ee) Importer(815301076,1909f56bfc062723c751e8b465ee728b)  -> (artifact id: '00976b68c5188b6a67fa1d5775702389') in 0.016931 seconds 
========================================================================
Received Import Request.
  Time since last request: 0.000033 seconds.
  path: Assets/Ancient-Dungeon-BuiltInRP/Textures/AD_DoorFrame_B_01_MetallicSmoothness.png
  artifactKey: Guid(e3b5477b9d4780a498cc554cfa408c0e) Importer(815301076,1909f56bfc062723c751e8b465ee728b)
Start importing Assets/Ancient-Dungeon-BuiltInRP/Textures/AD_DoorFrame_B_01_MetallicSmoothness.png using Guid(e3b5477b9d4780a498cc554cfa408c0e) Importer(815301076,1909f56bfc062723c751e8b465ee728b)  -> (artifact id: '6b59f69d3c23f8a865a14ffe912a574b') in 0.013989 seconds 
========================================================================
Received Import Request.
  Time since last request: 0.000028 seconds.
  path: Assets/Ancient-Dungeon-BuiltInRP/Textures/AD_DecoTile_C_01_AO.png
  artifactKey: Guid(6614aadbea1113e45a5b29d671470ce3) Importer(815301076,1909f56bfc062723c751e8b465ee728b)
Start importing Assets/Ancient-Dungeon-BuiltInRP/Textures/AD_DecoTile_C_01_AO.png using Guid(6614aadbea1113e45a5b29d671470ce3) Importer(815301076,1909f56bfc062723c751e8b465ee728b)  -> (artifact id: '0c9db5d97e7ce537726b15e10be2294d') in 0.012902 seconds 
========================================================================
Received Import Request.
  Time since last request: 0.000019 seconds.
  path: Assets/Ancient-Dungeon-BuiltInRP/Textures/AD_Brazier_A_01_AO.png
  artifactKey: Guid(7e05b3e0da4eb114c80970f22593a7ea) Importer(815301076,1909f56bfc062723c751e8b465ee728b)
Start importing Assets/Ancient-Dungeon-BuiltInRP/Textures/AD_Brazier_A_01_AO.png using Guid(7e05b3e0da4eb114c80970f22593a7ea) Importer(815301076,1909f56bfc062723c751e8b465ee728b)  -> (artifact id: 'c0349278b37d9a779a4fb8aead8438c3') in 0.013180 seconds 
========================================================================
Received Import Request.
  Time since last request: 0.000017 seconds.
  path: Assets/Ancient-Dungeon-BuiltInRP/Textures/AD_GateStair_B_01_BaseColor.png
  artifactKey: Guid(2834b1332167b24439c6dc0f41ef41c6) Importer(815301076,1909f56bfc062723c751e8b465ee728b)
Start importing Assets/Ancient-Dungeon-BuiltInRP/Textures/AD_GateStair_B_01_BaseColor.png using Guid(2834b1332167b24439c6dc0f41ef41c6) Importer(815301076,1909f56bfc062723c751e8b465ee728b)  -> (artifact id: 'd493d41105233028d67ac93e95e7c6cf') in 0.012440 seconds 
========================================================================
Received Import Request.
  Time since last request: 0.000027 seconds.
  path: Assets/Ancient-Dungeon-BuiltInRP/Textures/AD_GatePillar_A_01_AO.png
  artifactKey: Guid(fb273adc2a6a26348a0721ea7039b789) Importer(815301076,1909f56bfc062723c751e8b465ee728b)
Start importing Assets/Ancient-Dungeon-BuiltInRP/Textures/AD_GatePillar_A_01_AO.png using Guid(fb273adc2a6a26348a0721ea7039b789) Importer(815301076,1909f56bfc062723c751e8b465ee728b)  -> (artifact id: '877691e500b2950add519366ee52e97a') in 0.012506 seconds 
========================================================================
Received Import Request.
  Time since last request: 0.000023 seconds.
  path: Assets/Ancient-Dungeon-BuiltInRP/Textures/AD_ArchDeco_A_01_AO.png
  artifactKey: Guid(d8b6f22d989585d48af2ca51e11f8b27) Importer(815301076,1909f56bfc062723c751e8b465ee728b)
Start importing Assets/Ancient-Dungeon-BuiltInRP/Textures/AD_ArchDeco_A_01_AO.png using Guid(d8b6f22d989585d48af2ca51e11f8b27) Importer(815301076,1909f56bfc062723c751e8b465ee728b)  -> (artifact id: '2ec91f26b231b70c6522e4b1041aa22a') in 0.013010 seconds 
========================================================================
Received Import Request.
  Time since last request: 0.000030 seconds.
  path: Assets/Ancient-Dungeon-BuiltInRP/Textures/AD_Arch_A_01_Normal.png
  artifactKey: Guid(882b83c2a97c64340a68df702b46789c) Importer(815301076,1909f56bfc062723c751e8b465ee728b)
Start importing Assets/Ancient-Dungeon-BuiltInRP/Textures/AD_Arch_A_01_Normal.png using Guid(882b83c2a97c64340a68df702b46789c) Importer(815301076,1909f56bfc062723c751e8b465ee728b)  -> (artifact id: '578c9ea5a70326d74c44e1a4774b31bd') in 0.013972 seconds 
========================================================================
Received Import Request.
  Time since last request: 0.000033 seconds.
  path: Assets/Ancient-Dungeon-BuiltInRP/Textures/AD_Frame_A_01_BaseColor.png
  artifactKey: Guid(653391c249ee70e46a1406ca8311e9e0) Importer(815301076,1909f56bfc062723c751e8b465ee728b)
Start importing Assets/Ancient-Dungeon-BuiltInRP/Textures/AD_Frame_A_01_BaseColor.png using Guid(653391c249ee70e46a1406ca8311e9e0) Importer(815301076,1909f56bfc062723c751e8b465ee728b)  -> (artifact id: '46a46603d8c3c88596b06b0f74adef8c') in 0.012076 seconds 
========================================================================
Received Import Request.
  Time since last request: 6.482102 seconds.
  path: Assets/Ancient-Dungeon-BuiltInRP/Terrain/Ancient Dungeon.asset
  artifactKey: Guid(1d0d293b4b6e83d459174d1838cc7e77) Importer(815301076,1909f56bfc062723c751e8b465ee728b)
Start importing Assets/Ancient-Dungeon-BuiltInRP/Terrain/Ancient Dungeon.asset using Guid(1d0d293b4b6e83d459174d1838cc7e77) Importer(815301076,1909f56bfc062723c751e8b465ee728b)  -> (artifact id: 'f3fd90e4ae4b38886570bf6fdb1152bd') in 0.212664 seconds 
========================================================================
Received Import Request.
  Time since last request: 0.395168 seconds.
  path: Assets/Ancient-Dungeon-BuiltInRP/Terrain/StoneTile_A.terrainlayer
  artifactKey: Guid(590c5229dfe1e2743a51a089c18cd3b4) Importer(815301076,1909f56bfc062723c751e8b465ee728b)
Start importing Assets/Ancient-Dungeon-BuiltInRP/Terrain/StoneTile_A.terrainlayer using Guid(590c5229dfe1e2743a51a089c18cd3b4) Importer(815301076,1909f56bfc062723c751e8b465ee728b)  -> (artifact id: '59a18f8d48764d47b64601bd3592cf24') in 0.758554 seconds 
